[ 2016-03-23T08:36:39+08:00 ] 127.0.0.1 /index.php?g=Admin&m=public&a=dologin
INFO: [ app_begin ] --START--
INFO: Run Behavior\ReadHtmlCacheBehavior [ RunTime:0.001000s ]
INFO: Run Behavior\CheckLangBehavior [ RunTime:0.000000s ]
INFO: [ app_begin ] --END-- [ RunTime:0.001000s ]
SQL: SHOW COLUMNS FROM `cmf_users` [ RunTime:0.0270s ]
SQL: SELECT * FROM `cmf_users` WHERE `user_login` = 'admin' LIMIT 1   [ RunTime:0.0000s ]
SQL: SHOW COLUMNS FROM `cmf_role_user` [ RunTime:0.0120s ]
SQL: SELECT `role_id` FROM cmf_role_user a INNER JOIN cmf_role as b on a.role_id =b.id  WHERE `user_id` = '1' AND `status` = 1  [ RunTime:0.0070s ]
SQL: UPDATE `cmf_users` SET `user_login`='admin',`user_pass`='###e8fd9b876db9e39b1643eb29ab9559ec',`user_nicename`='admin',`user_email`='admin@localhost.com',`user_url`='',`avatar`=NULL,`sex`='0',`birthday`=NULL,`signature`=NULL,`last_login_ip`='127.0.0.1',`last_login_time`='2016-03-23 08:36:39',`create_time`='2016-03-18 05:14:43',`user_activation_key`='',`user_status`='1',`score`='0',`user_type`='1',`coin`='0',`mobile`='' WHERE `id` = '1' [ RunTime:0.0010s ]

[ 2016-03-23T08:36:48+08:00 ] 127.0.0.1 /index.php?g=Admin&m=Member&a=index&menuid=165
ERR: 1146:Table 'thinkcmf.cmf_payment' doesn't exist
 [ SQL语句 ] : SHOW COLUMNS FROM `cmf_payment`

[ 2016-03-23T08:37:32+08:00 ] 127.0.0.1 /index.php?g=Admin&m=Member&a=add
INFO: [ app_begin ] --START--
INFO: Run Behavior\ReadHtmlCacheBehavior [ RunTime:0.000000s ]
INFO: Run Behavior\CheckLangBehavior [ RunTime:0.001000s ]
INFO: [ app_begin ] --END-- [ RunTime:0.001000s ]
SQL: SHOW COLUMNS FROM `cmf_users` [ RunTime:0.0020s ]
SQL: SELECT * FROM `cmf_users` WHERE ( id=1 ) LIMIT 1   [ RunTime:0.0010s ]
SQL: SHOW COLUMNS FROM `cmf_member` [ RunTime:0.0020s ]
INFO: [ view_parse ] --START--
INFO: [ template_filter ] --START--
INFO: Run Behavior\ContentReplaceBehavior [ RunTime:0.000000s ]
INFO: [ template_filter ] --END-- [ RunTime:0.000000s ]
INFO: Run Behavior\ParseTemplateBehavior [ RunTime:0.005000s ]
INFO: [ view_parse ] --END-- [ RunTime:0.005000s ]
INFO: [ view_filter ] --START--
INFO: Run Behavior\WriteHtmlCacheBehavior [ RunTime:0.000000s ]
INFO: Run Common\Behavior\TmplStripSpaceBehavior [ RunTime:0.000000s ]
INFO: [ view_filter ] --END-- [ RunTime:0.000000s ]
INFO: [ app_end ] --START--
INFO: Run Behavior\ShowPageTraceBehavior [ RunTime:0.000000s ]
INFO: [ app_end ] --END-- [ RunTime:0.000000s ]

[ 2016-03-23T08:37:45+08:00 ] 127.0.0.1 /index.php?g=Admin&m=Member&a=add
INFO: [ app_begin ] --START--
INFO: Run Behavior\ReadHtmlCacheBehavior [ RunTime:0.000000s ]
INFO: Run Behavior\CheckLangBehavior [ RunTime:0.001000s ]
INFO: [ app_begin ] --END-- [ RunTime:0.001000s ]
SQL: SHOW COLUMNS FROM `cmf_users` [ RunTime:0.0020s ]
SQL: SELECT * FROM `cmf_users` WHERE ( id=1 ) LIMIT 1   [ RunTime:0.0000s ]
SQL: SHOW COLUMNS FROM `cmf_member` [ RunTime:0.0020s ]
INFO: [ view_parse ] --START--
INFO: [ template_filter ] --START--
INFO: Run Behavior\ContentReplaceBehavior [ RunTime:0.001000s ]
INFO: [ template_filter ] --END-- [ RunTime:0.001000s ]
INFO: Run Behavior\ParseTemplateBehavior [ RunTime:0.005000s ]
INFO: [ view_parse ] --END-- [ RunTime:0.005000s ]
INFO: [ view_filter ] --START--
INFO: Run Behavior\WriteHtmlCacheBehavior [ RunTime:0.000000s ]
INFO: Run Common\Behavior\TmplStripSpaceBehavior [ RunTime:0.001000s ]
INFO: [ view_filter ] --END-- [ RunTime:0.001000s ]
INFO: [ app_end ] --START--
INFO: Run Behavior\ShowPageTraceBehavior [ RunTime:0.000000s ]
INFO: [ app_end ] --END-- [ RunTime:0.000000s ]

[ 2016-03-23T08:37:47+08:00 ] 127.0.0.1 /index.php?g=Admin&m=Member&a=add
INFO: [ app_begin ] --START--
INFO: Run Behavior\ReadHtmlCacheBehavior [ RunTime:0.000000s ]
INFO: Run Behavior\CheckLangBehavior [ RunTime:0.001000s ]
INFO: [ app_begin ] --END-- [ RunTime:0.001000s ]
SQL: SHOW COLUMNS FROM `cmf_users` [ RunTime:0.0020s ]
SQL: SELECT * FROM `cmf_users` WHERE ( id=1 ) LIMIT 1   [ RunTime:0.0000s ]
SQL: SHOW COLUMNS FROM `cmf_member` [ RunTime:0.0020s ]
INFO: [ view_parse ] --START--
INFO: [ template_filter ] --START--
INFO: Run Behavior\ContentReplaceBehavior [ RunTime:0.000000s ]
INFO: [ template_filter ] --END-- [ RunTime:0.000000s ]
INFO: Run Behavior\ParseTemplateBehavior [ RunTime:0.005001s ]
INFO: [ view_parse ] --END-- [ RunTime:0.005001s ]
INFO: [ view_filter ] --START--
INFO: Run Behavior\WriteHtmlCacheBehavior [ RunTime:0.000000s ]
INFO: Run Common\Behavior\TmplStripSpaceBehavior [ RunTime:0.001000s ]
INFO: [ view_filter ] --END-- [ RunTime:0.001000s ]
INFO: [ app_end ] --START--
INFO: Run Behavior\ShowPageTraceBehavior [ RunTime:0.000000s ]
INFO: [ app_end ] --END-- [ RunTime:0.000000s ]

[ 2016-03-23T08:37:49+08:00 ] 127.0.0.1 /index.php?g=Admin&m=Member&a=add
INFO: [ app_begin ] --START--
INFO: Run Behavior\ReadHtmlCacheBehavior [ RunTime:0.000000s ]
INFO: Run Behavior\CheckLangBehavior [ RunTime:0.001000s ]
INFO: [ app_begin ] --END-- [ RunTime:0.001000s ]
SQL: SHOW COLUMNS FROM `cmf_users` [ RunTime:0.0020s ]
SQL: SELECT * FROM `cmf_users` WHERE ( id=1 ) LIMIT 1   [ RunTime:0.0010s ]
SQL: SHOW COLUMNS FROM `cmf_member` [ RunTime:0.0020s ]
INFO: [ view_parse ] --START--
INFO: [ template_filter ] --START--
INFO: Run Behavior\ContentReplaceBehavior [ RunTime:0.000000s ]
INFO: [ template_filter ] --END-- [ RunTime:0.000000s ]
INFO: Run Behavior\ParseTemplateBehavior [ RunTime:0.004000s ]
INFO: [ view_parse ] --END-- [ RunTime:0.005000s ]
INFO: [ view_filter ] --START--
INFO: Run Behavior\WriteHtmlCacheBehavior [ RunTime:0.000000s ]
INFO: Run Common\Behavior\TmplStripSpaceBehavior [ RunTime:0.000000s ]
INFO: [ view_filter ] --END-- [ RunTime:0.000000s ]
INFO: [ app_end ] --START--
INFO: Run Behavior\ShowPageTraceBehavior [ RunTime:0.000000s ]
INFO: [ app_end ] --END-- [ RunTime:0.000000s ]

[ 2016-03-23T08:37:56+08:00 ] 127.0.0.1 /index.php?g=Admin&m=Member&a=add
INFO: [ app_begin ] --START--
INFO: Run Behavior\ReadHtmlCacheBehavior [ RunTime:0.001000s ]
INFO: Run Behavior\CheckLangBehavior [ RunTime:0.000000s ]
INFO: [ app_begin ] --END-- [ RunTime:0.001000s ]
SQL: SHOW COLUMNS FROM `cmf_users` [ RunTime:0.0020s ]
SQL: SELECT * FROM `cmf_users` WHERE ( id=1 ) LIMIT 1   [ RunTime:0.0000s ]
SQL: SHOW COLUMNS FROM `cmf_member` [ RunTime:0.0020s ]
INFO: [ view_parse ] --START--
INFO: [ template_filter ] --START--
INFO: Run Behavior\ContentReplaceBehavior [ RunTime:0.000000s ]
INFO: [ template_filter ] --END-- [ RunTime:0.000000s ]
INFO: Run Behavior\ParseTemplateBehavior [ RunTime:0.005000s ]
INFO: [ view_parse ] --END-- [ RunTime:0.005000s ]
INFO: [ view_filter ] --START--
INFO: Run Behavior\WriteHtmlCacheBehavior [ RunTime:0.000000s ]
INFO: Run Common\Behavior\TmplStripSpaceBehavior [ RunTime:0.000000s ]
INFO: [ view_filter ] --END-- [ RunTime:0.000000s ]
INFO: [ app_end ] --START--
INFO: Run Behavior\ShowPageTraceBehavior [ RunTime:0.001000s ]
INFO: [ app_end ] --END-- [ RunTime:0.001000s ]

[ 2016-03-23T09:05:44+08:00 ] 127.0.0.1 /index.php?g=Admin&m=Member&a=getAjaxMember&id=a
INFO: [ app_begin ] --START--
INFO: Run Behavior\ReadHtmlCacheBehavior [ RunTime:0.001000s ]
INFO: Run Behavior\CheckLangBehavior [ RunTime:0.000000s ]
INFO: [ app_begin ] --END-- [ RunTime:0.001000s ]
SQL: SHOW COLUMNS FROM `cmf_users` [ RunTime:0.0020s ]
SQL: SELECT * FROM `cmf_users` WHERE ( id=1 ) LIMIT 1   [ RunTime:0.0010s ]
SQL: SHOW COLUMNS FROM `cmf_member` [ RunTime:0.0020s ]
SQL: SELECT * FROM `cmf_member` WHERE ( id=0 ) LIMIT 1   [ RunTime:0.0010s ]

[ 2016-03-23T09:05:47+08:00 ] 127.0.0.1 /index.php?g=Admin&m=Member&a=getAjaxMember&id=a
INFO: [ app_begin ] --START--
INFO: Run Behavior\ReadHtmlCacheBehavior [ RunTime:0.000000s ]
INFO: Run Behavior\CheckLangBehavior [ RunTime:0.001000s ]
INFO: [ app_begin ] --END-- [ RunTime:0.001000s ]
SQL: SHOW COLUMNS FROM `cmf_users` [ RunTime:0.0020s ]
SQL: SELECT * FROM `cmf_users` WHERE ( id=1 ) LIMIT 1   [ RunTime:0.0000s ]
SQL: SHOW COLUMNS FROM `cmf_member` [ RunTime:0.0020s ]
SQL: SELECT * FROM `cmf_member` WHERE ( id=0 ) LIMIT 1   [ RunTime:0.0010s ]

[ 2016-03-23T09:05:48+08:00 ] 127.0.0.1 /index.php?g=Admin&m=Member&a=getAjaxMember&id=a
INFO: [ app_begin ] --START--
INFO: Run Behavior\ReadHtmlCacheBehavior [ RunTime:0.000000s ]
INFO: Run Behavior\CheckLangBehavior [ RunTime:0.000000s ]
INFO: [ app_begin ] --END-- [ RunTime:0.001000s ]
SQL: SHOW COLUMNS FROM `cmf_users` [ RunTime:0.0020s ]
SQL: SELECT * FROM `cmf_users` WHERE ( id=1 ) LIMIT 1   [ RunTime:0.0000s ]
SQL: SHOW COLUMNS FROM `cmf_member` [ RunTime:0.0020s ]
SQL: SELECT * FROM `cmf_member` WHERE ( id=0 ) LIMIT 1   [ RunTime:0.0000s ]

[ 2016-03-23T09:05:49+08:00 ] 127.0.0.1 /index.php?g=Admin&m=Member&a=getAjaxMember&id=a
INFO: [ app_begin ] --START--
INFO: Run Behavior\ReadHtmlCacheBehavior [ RunTime:0.001000s ]
INFO: Run Behavior\CheckLangBehavior [ RunTime:0.000000s ]
INFO: [ app_begin ] --END-- [ RunTime:0.001000s ]
SQL: SHOW COLUMNS FROM `cmf_users` [ RunTime:0.0020s ]
SQL: SELECT * FROM `cmf_users` WHERE ( id=1 ) LIMIT 1   [ RunTime:0.0000s ]
SQL: SHOW COLUMNS FROM `cmf_member` [ RunTime:0.0020s ]
SQL: SELECT * FROM `cmf_member` WHERE ( id=0 ) LIMIT 1   [ RunTime:0.0000s ]

[ 2016-03-23T09:05:50+08:00 ] 127.0.0.1 /index.php?g=Admin&m=Member&a=getAjaxMember&id=a
INFO: [ app_begin ] --START--
INFO: Run Behavior\ReadHtmlCacheBehavior [ RunTime:0.000000s ]
INFO: Run Behavior\CheckLangBehavior [ RunTime:0.001000s ]
INFO: [ app_begin ] --END-- [ RunTime:0.001000s ]
SQL: SHOW COLUMNS FROM `cmf_users` [ RunTime:0.0020s ]
SQL: SELECT * FROM `cmf_users` WHERE ( id=1 ) LIMIT 1   [ RunTime:0.0000s ]
SQL: SHOW COLUMNS FROM `cmf_member` [ RunTime:0.0020s ]
SQL: SELECT * FROM `cmf_member` WHERE ( id=0 ) LIMIT 1   [ RunTime:0.0000s ]

[ 2016-03-23T09:05:51+08:00 ] 127.0.0.1 /index.php?g=Admin&m=Member&a=getAjaxMember&id=a
INFO: [ app_begin ] --START--
INFO: Run Behavior\ReadHtmlCacheBehavior [ RunTime:0.000000s ]
INFO: Run Behavior\CheckLangBehavior [ RunTime:0.001000s ]
INFO: [ app_begin ] --END-- [ RunTime:0.001000s ]
SQL: SHOW COLUMNS FROM `cmf_users` [ RunTime:0.0020s ]
SQL: SELECT * FROM `cmf_users` WHERE ( id=1 ) LIMIT 1   [ RunTime:0.0000s ]
SQL: SHOW COLUMNS FROM `cmf_member` [ RunTime:0.0020s ]
SQL: SELECT * FROM `cmf_member` WHERE ( id=0 ) LIMIT 1   [ RunTime:0.0000s ]

[ 2016-03-23T09:05:53+08:00 ] 127.0.0.1 /index.php?g=Admin&m=Member&a=getAjaxMember&id=a
INFO: [ app_begin ] --START--
INFO: Run Behavior\ReadHtmlCacheBehavior [ RunTime:0.000000s ]
INFO: Run Behavior\CheckLangBehavior [ RunTime:0.000000s ]
INFO: [ app_begin ] --END-- [ RunTime:0.001000s ]
SQL: SHOW COLUMNS FROM `cmf_users` [ RunTime:0.0020s ]
SQL: SELECT * FROM `cmf_users` WHERE ( id=1 ) LIMIT 1   [ RunTime:0.0000s ]
SQL: SHOW COLUMNS FROM `cmf_member` [ RunTime:0.0020s ]
SQL: SELECT * FROM `cmf_member` WHERE ( id=0 ) LIMIT 1   [ RunTime:0.0000s ]

[ 2016-03-23T09:05:54+08:00 ] 127.0.0.1 /index.php?g=Admin&m=Member&a=getAjaxMember&id=a
INFO: [ app_begin ] --START--
INFO: Run Behavior\ReadHtmlCacheBehavior [ RunTime:0.000000s ]
INFO: Run Behavior\CheckLangBehavior [ RunTime:0.000000s ]
INFO: [ app_begin ] --END-- [ RunTime:0.001000s ]
SQL: SHOW COLUMNS FROM `cmf_users` [ RunTime:0.0020s ]
SQL: SELECT * FROM `cmf_users` WHERE ( id=1 ) LIMIT 1   [ RunTime:0.0010s ]
SQL: SHOW COLUMNS FROM `cmf_member` [ RunTime:0.0020s ]
SQL: SELECT * FROM `cmf_member` WHERE ( id=0 ) LIMIT 1   [ RunTime:0.0000s ]

[ 2016-03-23T09:05:55+08:00 ] 127.0.0.1 /index.php?g=Admin&m=Member&a=getAjaxMember&id=a
INFO: [ app_begin ] --START--
INFO: Run Behavior\ReadHtmlCacheBehavior [ RunTime:0.001000s ]
INFO: Run Behavior\CheckLangBehavior [ RunTime:0.000000s ]
INFO: [ app_begin ] --END-- [ RunTime:0.001000s ]
SQL: SHOW COLUMNS FROM `cmf_users` [ RunTime:0.0020s ]
SQL: SELECT * FROM `cmf_users` WHERE ( id=1 ) LIMIT 1   [ RunTime:0.0000s ]
SQL: SHOW COLUMNS FROM `cmf_member` [ RunTime:0.0020s ]
SQL: SELECT * FROM `cmf_member` WHERE ( id=0 ) LIMIT 1   [ RunTime:0.0000s ]

[ 2016-03-23T09:06:00+08:00 ] 127.0.0.1 /index.php?g=Admin&m=Member&a=getAjaxMember&id=121
INFO: [ app_begin ] --START--
INFO: Run Behavior\ReadHtmlCacheBehavior [ RunTime:0.000000s ]
INFO: Run Behavior\CheckLangBehavior [ RunTime:0.001000s ]
INFO: [ app_begin ] --END-- [ RunTime:0.001000s ]
SQL: SHOW COLUMNS FROM `cmf_users` [ RunTime:0.0020s ]
SQL: SELECT * FROM `cmf_users` WHERE ( id=1 ) LIMIT 1   [ RunTime:0.0000s ]
SQL: SHOW COLUMNS FROM `cmf_member` [ RunTime:0.0020s ]
SQL: SELECT * FROM `cmf_member` WHERE ( id=121 ) LIMIT 1   [ RunTime:0.0000s ]

[ 2016-03-23T09:06:55+08:00 ] 127.0.0.1 /index.php?g=Admin&m=Member&a=getAjaxMember&id=121
INFO: [ app_begin ] --START--
INFO: Run Behavior\ReadHtmlCacheBehavior [ RunTime:0.000000s ]
INFO: Run Behavior\CheckLangBehavior [ RunTime:0.000000s ]
INFO: [ app_begin ] --END-- [ RunTime:0.001001s ]
SQL: SHOW COLUMNS FROM `cmf_users` [ RunTime:0.0020s ]
SQL: SELECT * FROM `cmf_users` WHERE ( id=1 ) LIMIT 1   [ RunTime:0.0010s ]
SQL: SHOW COLUMNS FROM `cmf_member` [ RunTime:0.0020s ]
SQL: SELECT * FROM `cmf_member` WHERE ( id=121 ) LIMIT 1   [ RunTime:0.0010s ]

[ 2016-03-23T09:07:25+08:00 ] 127.0.0.1 /index.php?g=Admin&m=Member&a=getAjaxMember&id=121
INFO: [ app_begin ] --START--
INFO: Run Behavior\ReadHtmlCacheBehavior [ RunTime:0.000000s ]
INFO: Run Behavior\CheckLangBehavior [ RunTime:0.001000s ]
INFO: [ app_begin ] --END-- [ RunTime:0.001000s ]
SQL: SHOW COLUMNS FROM `cmf_users` [ RunTime:0.0020s ]
SQL: SELECT * FROM `cmf_users` WHERE ( id=1 ) LIMIT 1   [ RunTime:0.0000s ]
SQL: SHOW COLUMNS FROM `cmf_member` [ RunTime:0.0020s ]
SQL: SELECT * FROM `cmf_member` WHERE ( id=121 ) LIMIT 1   [ RunTime:0.0000s ]

[ 2016-03-23T09:07:42+08:00 ] 127.0.0.1 /index.php?g=Admin&m=Member&a=getAjaxMember&id=121
INFO: [ app_begin ] --START--
INFO: Run Behavior\ReadHtmlCacheBehavior [ RunTime:0.000000s ]
INFO: Run Behavior\CheckLangBehavior [ RunTime:0.001000s ]
INFO: [ app_begin ] --END-- [ RunTime:0.001000s ]
SQL: SHOW COLUMNS FROM `cmf_users` [ RunTime:0.0020s ]
SQL: SELECT * FROM `cmf_users` WHERE ( id=1 ) LIMIT 1   [ RunTime:0.0010s ]
SQL: SHOW COLUMNS FROM `cmf_member` [ RunTime:0.0020s ]
SQL: SELECT * FROM `cmf_member` WHERE ( id=121 ) LIMIT 1   [ RunTime:0.0000s ]

[ 2016-03-23T09:08:46+08:00 ] 127.0.0.1 /index.php?g=Admin&m=Member&a=getAjaxMember&id=121
INFO: [ app_begin ] --START--
INFO: Run Behavior\ReadHtmlCacheBehavior [ RunTime:0.001000s ]
INFO: Run Behavior\CheckLangBehavior [ RunTime:0.000000s ]
INFO: [ app_begin ] --END-- [ RunTime:0.001000s ]
SQL: SHOW COLUMNS FROM `cmf_users` [ RunTime:0.0020s ]
SQL: SELECT * FROM `cmf_users` WHERE ( id=1 ) LIMIT 1   [ RunTime:0.0010s ]
SQL: SHOW COLUMNS FROM `cmf_member` [ RunTime:0.0020s ]
SQL: SELECT * FROM `cmf_member` WHERE ( id=121 ) LIMIT 1   [ RunTime:0.0000s ]

[ 2016-03-23T09:09:17+08:00 ] 127.0.0.1 /index.php?g=Admin&m=Member&a=getAjaxMember&id=121
INFO: [ app_begin ] --START--
INFO: Run Behavior\ReadHtmlCacheBehavior [ RunTime:0.000000s ]
INFO: Run Behavior\CheckLangBehavior [ RunTime:0.001000s ]
INFO: [ app_begin ] --END-- [ RunTime:0.001000s ]
SQL: SHOW COLUMNS FROM `cmf_users` [ RunTime:0.0020s ]
SQL: SELECT * FROM `cmf_users` WHERE ( id=1 ) LIMIT 1   [ RunTime:0.0000s ]
SQL: SHOW COLUMNS FROM `cmf_member` [ RunTime:0.0020s ]
SQL: SELECT * FROM `cmf_member` WHERE ( id=121 ) LIMIT 1   [ RunTime:0.0000s ]

[ 2016-03-23T09:11:44+08:00 ] 127.0.0.1 /index.php?g=Admin&m=Member&a=getAjaxMember&id=121
INFO: [ app_begin ] --START--
INFO: Run Behavior\ReadHtmlCacheBehavior [ RunTime:0.000000s ]
INFO: Run Behavior\CheckLangBehavior [ RunTime:0.001001s ]
INFO: [ app_begin ] --END-- [ RunTime:0.001001s ]
SQL: SHOW COLUMNS FROM `cmf_users` [ RunTime:0.0020s ]
SQL: SELECT * FROM `cmf_users` WHERE ( id=1 ) LIMIT 1   [ RunTime:0.0000s ]
SQL: SHOW COLUMNS FROM `cmf_member` [ RunTime:0.0020s ]
SQL: SELECT * FROM `cmf_member` WHERE ( id=121 ) LIMIT 1   [ RunTime:0.0000s ]

[ 2016-03-23T09:13:32+08:00 ] 127.0.0.1 /index.php?g=Admin&m=Member&a=getAjaxMember&id=123
INFO: [ app_begin ] --START--
INFO: Run Behavior\ReadHtmlCacheBehavior [ RunTime:0.000000s ]
INFO: Run Behavior\CheckLangBehavior [ RunTime:0.001000s ]
INFO: [ app_begin ] --END-- [ RunTime:0.001000s ]
SQL: SHOW COLUMNS FROM `cmf_users` [ RunTime:0.0020s ]
SQL: SELECT * FROM `cmf_users` WHERE ( id=1 ) LIMIT 1   [ RunTime:0.0000s ]
SQL: SHOW COLUMNS FROM `cmf_member` [ RunTime:0.0020s ]
SQL: SELECT * FROM `cmf_member` WHERE ( id=123 ) LIMIT 1   [ RunTime:0.0000s ]

[ 2016-03-23T09:13:42+08:00 ] 127.0.0.1 /index.php?g=Admin&m=Member&a=getAjaxMember&id=123
INFO: [ app_begin ] --START--
INFO: Run Behavior\ReadHtmlCacheBehavior [ RunTime:0.000000s ]
INFO: Run Behavior\CheckLangBehavior [ RunTime:0.000000s ]
INFO: [ app_begin ] --END-- [ RunTime:0.001000s ]
SQL: SHOW COLUMNS FROM `cmf_users` [ RunTime:0.0020s ]
SQL: SELECT * FROM `cmf_users` WHERE ( id=1 ) LIMIT 1   [ RunTime:0.0000s ]
SQL: SHOW COLUMNS FROM `cmf_member` [ RunTime:0.0020s ]
SQL: SELECT * FROM `cmf_member` WHERE ( id=123 ) LIMIT 1   [ RunTime:0.0000s ]

[ 2016-03-23T09:13:47+08:00 ] 127.0.0.1 /index.php?g=Admin&m=Member&a=getAjaxMember&id=121
INFO: [ app_begin ] --START--
INFO: Run Behavior\ReadHtmlCacheBehavior [ RunTime:0.000000s ]
INFO: Run Behavior\CheckLangBehavior [ RunTime:0.000000s ]
INFO: [ app_begin ] --END-- [ RunTime:0.000000s ]
SQL: SHOW COLUMNS FROM `cmf_users` [ RunTime:0.0020s ]
SQL: SELECT * FROM `cmf_users` WHERE ( id=1 ) LIMIT 1   [ RunTime:0.0000s ]
SQL: SHOW COLUMNS FROM `cmf_member` [ RunTime:0.0020s ]
SQL: SELECT * FROM `cmf_member` WHERE ( id=121 ) LIMIT 1   [ RunTime:0.0000s ]

[ 2016-03-23T09:13:53+08:00 ] 127.0.0.1 /index.php?g=Admin&m=Member&a=getAjaxMember&id=123
INFO: [ app_begin ] --START--
INFO: Run Behavior\ReadHtmlCacheBehavior [ RunTime:0.001000s ]
INFO: Run Behavior\CheckLangBehavior [ RunTime:0.000000s ]
INFO: [ app_begin ] --END-- [ RunTime:0.001000s ]
SQL: SHOW COLUMNS FROM `cmf_users` [ RunTime:0.0020s ]
SQL: SELECT * FROM `cmf_users` WHERE ( id=1 ) LIMIT 1   [ RunTime:0.0000s ]
SQL: SHOW COLUMNS FROM `cmf_member` [ RunTime:0.0010s ]
SQL: SELECT * FROM `cmf_member` WHERE ( id=123 ) LIMIT 1   [ RunTime:0.0000s ]

[ 2016-03-23T09:16:23+08:00 ] 127.0.0.1 /index.php?g=Admin&m=Member&a=getAjaxMember&id=123
INFO: [ app_begin ] --START--
INFO: Run Behavior\ReadHtmlCacheBehavior [ RunTime:0.000000s ]
INFO: Run Behavior\CheckLangBehavior [ RunTime:0.001000s ]
INFO: [ app_begin ] --END-- [ RunTime:0.002000s ]
SQL: SHOW COLUMNS FROM `cmf_users` [ RunTime:0.0020s ]
SQL: SELECT * FROM `cmf_users` WHERE ( id=1 ) LIMIT 1   [ RunTime:0.0010s ]
SQL: SHOW COLUMNS FROM `cmf_member` [ RunTime:0.0020s ]
SQL: SELECT * FROM `cmf_member` WHERE ( id=123 ) LIMIT 1   [ RunTime:0.0000s ]

[ 2016-03-23T09:16:26+08:00 ] 127.0.0.1 /index.php?g=Admin&m=Member&a=getAjaxMember&id=121
INFO: [ app_begin ] --START--
INFO: Run Behavior\ReadHtmlCacheBehavior [ RunTime:0.000000s ]
INFO: Run Behavior\CheckLangBehavior [ RunTime:0.000000s ]
INFO: [ app_begin ] --END-- [ RunTime:0.001000s ]
SQL: SHOW COLUMNS FROM `cmf_users` [ RunTime:0.0020s ]
SQL: SELECT * FROM `cmf_users` WHERE ( id=1 ) LIMIT 1   [ RunTime:0.0000s ]
SQL: SHOW COLUMNS FROM `cmf_member` [ RunTime:0.0020s ]
SQL: SELECT * FROM `cmf_member` WHERE ( id=121 ) LIMIT 1   [ RunTime:0.0000s ]

[ 2016-03-23T09:17:03+08:00 ] 127.0.0.1 /index.php?g=Admin&m=Member&a=getAjaxMember&id=123
INFO: [ app_begin ] --START--
INFO: Run Behavior\ReadHtmlCacheBehavior [ RunTime:0.000000s ]
INFO: Run Behavior\CheckLangBehavior [ RunTime:0.001000s ]
INFO: [ app_begin ] --END-- [ RunTime:0.001000s ]
SQL: SHOW COLUMNS FROM `cmf_users` [ RunTime:0.0020s ]
SQL: SELECT * FROM `cmf_users` WHERE ( id=1 ) LIMIT 1   [ RunTime:0.0000s ]
SQL: SHOW COLUMNS FROM `cmf_member` [ RunTime:0.0020s ]
SQL: SELECT * FROM `cmf_member` WHERE ( id=123 ) LIMIT 1   [ RunTime:0.0000s ]

[ 2016-03-23T09:17:06+08:00 ] 127.0.0.1 /index.php?g=Admin&m=Member&a=getAjaxMember&id=121
INFO: [ app_begin ] --START--
INFO: Run Behavior\ReadHtmlCacheBehavior [ RunTime:0.001000s ]
INFO: Run Behavior\CheckLangBehavior [ RunTime:0.000000s ]
INFO: [ app_begin ] --END-- [ RunTime:0.001000s ]
SQL: SHOW COLUMNS FROM `cmf_users` [ RunTime:0.0020s ]
SQL: SELECT * FROM `cmf_users` WHERE ( id=1 ) LIMIT 1   [ RunTime:0.0010s ]
SQL: SHOW COLUMNS FROM `cmf_member` [ RunTime:0.0020s ]
SQL: SELECT * FROM `cmf_member` WHERE ( id=121 ) LIMIT 1   [ RunTime:0.0000s ]

[ 2016-03-23T09:18:38+08:00 ] 127.0.0.1 /index.php?g=Admin&m=Member&a=getAjaxMember&id=121
INFO: [ app_begin ] --START--
INFO: Run Behavior\ReadHtmlCacheBehavior [ RunTime:0.000000s ]
INFO: Run Behavior\CheckLangBehavior [ RunTime:0.001000s ]
INFO: [ app_begin ] --END-- [ RunTime:0.001000s ]
SQL: SHOW COLUMNS FROM `cmf_users` [ RunTime:0.0020s ]
SQL: SELECT * FROM `cmf_users` WHERE ( id=1 ) LIMIT 1   [ RunTime:0.0010s ]
SQL: SHOW COLUMNS FROM `cmf_member` [ RunTime:0.0020s ]
SQL: SELECT * FROM `cmf_member` WHERE ( id=121 ) LIMIT 1   [ RunTime:0.0000s ]

[ 2016-03-23T09:18:57+08:00 ] 127.0.0.1 /index.php?g=Admin&m=Member&a=getAjaxMember&id=121
INFO: [ app_begin ] --START--
INFO: Run Behavior\ReadHtmlCacheBehavior [ RunTime:0.000000s ]
INFO: Run Behavior\CheckLangBehavior [ RunTime:0.001000s ]
INFO: [ app_begin ] --END-- [ RunTime:0.001000s ]
SQL: SHOW COLUMNS FROM `cmf_users` [ RunTime:0.0020s ]
SQL: SELECT * FROM `cmf_users` WHERE ( id=1 ) LIMIT 1   [ RunTime:0.0010s ]
SQL: SHOW COLUMNS FROM `cmf_member` [ RunTime:0.0020s ]
SQL: SELECT * FROM `cmf_member` WHERE ( id=121 ) LIMIT 1   [ RunTime:0.0010s ]

[ 2016-03-23T09:18:59+08:00 ] 127.0.0.1 /index.php?g=Admin&m=Member&a=getAjaxMember&id=121
INFO: [ app_begin ] --START--
INFO: Run Behavior\ReadHtmlCacheBehavior [ RunTime:0.001000s ]
INFO: Run Behavior\CheckLangBehavior [ RunTime:0.000000s ]
INFO: [ app_begin ] --END-- [ RunTime:0.001000s ]
SQL: SHOW COLUMNS FROM `cmf_users` [ RunTime:0.0020s ]
SQL: SELECT * FROM `cmf_users` WHERE ( id=1 ) LIMIT 1   [ RunTime:0.0000s ]
SQL: SHOW COLUMNS FROM `cmf_member` [ RunTime:0.0010s ]
SQL: SELECT * FROM `cmf_member` WHERE ( id=121 ) LIMIT 1   [ RunTime:0.0000s ]

[ 2016-03-23T09:19:55+08:00 ] 127.0.0.1 /index.php?g=Admin&m=Member&a=getAjaxMember&id=121
INFO: [ app_begin ] --START--
INFO: Run Behavior\ReadHtmlCacheBehavior [ RunTime:0.000000s ]
INFO: Run Behavior\CheckLangBehavior [ RunTime:0.001000s ]
INFO: [ app_begin ] --END-- [ RunTime:0.001000s ]
SQL: SHOW COLUMNS FROM `cmf_users` [ RunTime:0.0020s ]
SQL: SELECT * FROM `cmf_users` WHERE ( id=1 ) LIMIT 1   [ RunTime:0.0000s ]
SQL: SHOW COLUMNS FROM `cmf_member` [ RunTime:0.0020s ]
SQL: SELECT * FROM `cmf_member` WHERE ( id=121 ) LIMIT 1   [ RunTime:0.0000s ]

[ 2016-03-23T09:20:20+08:00 ] 127.0.0.1 /index.php?g=Admin&m=Member&a=getAjaxMember&id=121
INFO: [ app_begin ] --START--
INFO: Run Behavior\ReadHtmlCacheBehavior [ RunTime:0.001000s ]
INFO: Run Behavior\CheckLangBehavior [ RunTime:0.000000s ]
INFO: [ app_begin ] --END-- [ RunTime:0.001000s ]
SQL: SHOW COLUMNS FROM `cmf_users` [ RunTime:0.0020s ]
SQL: SELECT * FROM `cmf_users` WHERE ( id=1 ) LIMIT 1   [ RunTime:0.0000s ]
SQL: SHOW COLUMNS FROM `cmf_member` [ RunTime:0.0020s ]
SQL: SELECT * FROM `cmf_member` WHERE ( id=121 ) LIMIT 1   [ RunTime:0.0000s ]

[ 2016-03-23T09:21:39+08:00 ] 127.0.0.1 /index.php?g=Admin&m=Member&a=getAjaxMember&id=121
INFO: [ app_begin ] --START--
INFO: Run Behavior\ReadHtmlCacheBehavior [ RunTime:0.000000s ]
INFO: Run Behavior\CheckLangBehavior [ RunTime:0.001000s ]
INFO: [ app_begin ] --END-- [ RunTime:0.001000s ]
SQL: SHOW COLUMNS FROM `cmf_users` [ RunTime:0.0020s ]
SQL: SELECT * FROM `cmf_users` WHERE ( id=1 ) LIMIT 1   [ RunTime:0.0000s ]
SQL: SHOW COLUMNS FROM `cmf_member` [ RunTime:0.0020s ]
SQL: SELECT * FROM `cmf_member` WHERE ( id=121 ) LIMIT 1   [ RunTime:0.0000s ]

[ 2016-03-23T09:22:50+08:00 ] 127.0.0.1 /index.php?g=Admin&m=Member&a=getAjaxMember&id=a
INFO: [ app_begin ] --START--
INFO: Run Behavior\ReadHtmlCacheBehavior [ RunTime:0.000000s ]
INFO: Run Behavior\CheckLangBehavior [ RunTime:0.001000s ]
INFO: [ app_begin ] --END-- [ RunTime:0.001000s ]
SQL: SHOW COLUMNS FROM `cmf_users` [ RunTime:0.0020s ]
SQL: SELECT * FROM `cmf_users` WHERE ( id=1 ) LIMIT 1   [ RunTime:0.0010s ]
SQL: SHOW COLUMNS FROM `cmf_member` [ RunTime:0.0020s ]
SQL: SELECT * FROM `cmf_member` WHERE ( id=0 ) LIMIT 1   [ RunTime:0.0010s ]

[ 2016-03-23T09:23:21+08:00 ] 127.0.0.1 /index.php?g=Admin&m=Member&a=getAjaxMember&id=a
INFO: [ app_begin ] --START--
INFO: Run Behavior\ReadHtmlCacheBehavior [ RunTime:0.000000s ]
INFO: Run Behavior\CheckLangBehavior [ RunTime:0.001000s ]
INFO: [ app_begin ] --END-- [ RunTime:0.001000s ]
SQL: SHOW COLUMNS FROM `cmf_users` [ RunTime:0.0020s ]
SQL: SELECT * FROM `cmf_users` WHERE ( id=1 ) LIMIT 1   [ RunTime:0.0000s ]
SQL: SHOW COLUMNS FROM `cmf_member` [ RunTime:0.0020s ]
SQL: SELECT * FROM `cmf_member` WHERE ( id=0 ) LIMIT 1   [ RunTime:0.0000s ]

[ 2016-03-23T09:28:42+08:00 ] 127.0.0.1 /index.php?g=Admin&m=Member&a=getAjaxMember&id=121
INFO: [ app_begin ] --START--
INFO: Run Behavior\ReadHtmlCacheBehavior [ RunTime:0.000000s ]
INFO: Run Behavior\CheckLangBehavior [ RunTime:0.000000s ]
INFO: [ app_begin ] --END-- [ RunTime:0.001000s ]
SQL: SHOW COLUMNS FROM `cmf_users` [ RunTime:0.0020s ]
SQL: SELECT * FROM `cmf_users` WHERE ( id=1 ) LIMIT 1   [ RunTime:0.0000s ]
SQL: SHOW COLUMNS FROM `cmf_member` [ RunTime:0.0020s ]
SQL: SELECT * FROM `cmf_member` WHERE ( id=121 ) LIMIT 1   [ RunTime:0.0000s ]

[ 2016-03-23T09:29:17+08:00 ] 127.0.0.1 /index.php?g=Admin&m=Member&a=getAjaxMember&id=121
INFO: [ app_begin ] --START--
INFO: Run Behavior\ReadHtmlCacheBehavior [ RunTime:0.001001s ]
INFO: Run Behavior\CheckLangBehavior [ RunTime:0.000000s ]
INFO: [ app_begin ] --END-- [ RunTime:0.002001s ]
SQL: SHOW COLUMNS FROM `cmf_users` [ RunTime:0.0020s ]
SQL: SELECT * FROM `cmf_users` WHERE ( id=1 ) LIMIT 1   [ RunTime:0.0010s ]
SQL: SHOW COLUMNS FROM `cmf_member` [ RunTime:0.0020s ]
SQL: SELECT * FROM `cmf_member` WHERE ( id=121 ) LIMIT 1   [ RunTime:0.0000s ]

[ 2016-03-23T09:29:55+08:00 ] 127.0.0.1 /index.php?g=Admin&m=Member&a=getAjaxMember&id=4
INFO: [ app_begin ] --START--
INFO: Run Behavior\ReadHtmlCacheBehavior [ RunTime:0.000000s ]
INFO: Run Behavior\CheckLangBehavior [ RunTime:0.001000s ]
INFO: [ app_begin ] --END-- [ RunTime:0.001000s ]
SQL: SHOW COLUMNS FROM `cmf_users` [ RunTime:0.0020s ]
SQL: SELECT * FROM `cmf_users` WHERE ( id=1 ) LIMIT 1   [ RunTime:0.0000s ]
SQL: SHOW COLUMNS FROM `cmf_member` [ RunTime:0.0020s ]
SQL: SELECT * FROM `cmf_member` WHERE ( id=4 ) LIMIT 1   [ RunTime:0.0000s ]

[ 2016-03-23T09:29:57+08:00 ] 127.0.0.1 /index.php?g=Admin&m=Member&a=getAjaxMember&id=4
INFO: [ app_begin ] --START--
INFO: Run Behavior\ReadHtmlCacheBehavior [ RunTime:0.000000s ]
INFO: Run Behavior\CheckLangBehavior [ RunTime:0.001000s ]
INFO: [ app_begin ] --END-- [ RunTime:0.001000s ]
SQL: SHOW COLUMNS FROM `cmf_users` [ RunTime:0.0020s ]
SQL: SELECT * FROM `cmf_users` WHERE ( id=1 ) LIMIT 1   [ RunTime:0.0000s ]
SQL: SHOW COLUMNS FROM `cmf_member` [ RunTime:0.0020s ]
SQL: SELECT * FROM `cmf_member` WHERE ( id=4 ) LIMIT 1   [ RunTime:0.0000s ]

[ 2016-03-23T09:35:51+08:00 ] 127.0.0.1 /index.php?g=Admin&m=Member&a=getAjaxMember&id=121
INFO: [ app_begin ] --START--
INFO: Run Behavior\ReadHtmlCacheBehavior [ RunTime:0.000000s ]
INFO: Run Behavior\CheckLangBehavior [ RunTime:0.001000s ]
INFO: [ app_begin ] --END-- [ RunTime:0.001000s ]
SQL: SHOW COLUMNS FROM `cmf_users` [ RunTime:0.0020s ]
SQL: SELECT * FROM `cmf_users` WHERE ( id=1 ) LIMIT 1   [ RunTime:0.0010s ]
SQL: SHOW COLUMNS FROM `cmf_member` [ RunTime:0.0020s ]
SQL: SELECT * FROM `cmf_member` WHERE ( id=121 ) LIMIT 1   [ RunTime:0.0000s ]

[ 2016-03-23T09:35:55+08:00 ] 127.0.0.1 /index.php?g=Admin&m=Member&a=getAjaxMember&id=123
INFO: [ app_begin ] --START--
INFO: Run Behavior\ReadHtmlCacheBehavior [ RunTime:0.001000s ]
INFO: Run Behavior\CheckLangBehavior [ RunTime:0.000000s ]
INFO: [ app_begin ] --END-- [ RunTime:0.001000s ]
SQL: SHOW COLUMNS FROM `cmf_users` [ RunTime:0.0020s ]
SQL: SELECT * FROM `cmf_users` WHERE ( id=1 ) LIMIT 1   [ RunTime:0.0000s ]
SQL: SHOW COLUMNS FROM `cmf_member` [ RunTime:0.0020s ]
SQL: SELECT * FROM `cmf_member` WHERE ( id=123 ) LIMIT 1   [ RunTime:0.0000s ]

[ 2016-03-23T09:37:40+08:00 ] 127.0.0.1 /index.php?g=Admin&m=Member&a=getAjaxMember&id=123
INFO: [ app_begin ] --START--
INFO: Run Behavior\ReadHtmlCacheBehavior [ RunTime:0.000000s ]
INFO: Run Behavior\CheckLangBehavior [ RunTime:0.000000s ]
INFO: [ app_begin ] --END-- [ RunTime:0.001000s ]
SQL: SHOW COLUMNS FROM `cmf_users` [ RunTime:0.0020s ]
SQL: SELECT * FROM `cmf_users` WHERE ( id=1 ) LIMIT 1   [ RunTime:0.0000s ]
SQL: SHOW COLUMNS FROM `cmf_member` [ RunTime:0.0020s ]
SQL: SELECT * FROM `cmf_member` WHERE ( id=123 ) LIMIT 1   [ RunTime:0.0000s ]

[ 2016-03-23T09:38:49+08:00 ] 127.0.0.1 /index.php?g=Admin&m=Member&a=edit_post
INFO: [ app_begin ] --START--
INFO: Run Behavior\ReadHtmlCacheBehavior [ RunTime:0.000000s ]
INFO: Run Behavior\CheckLangBehavior [ RunTime:0.001000s ]
INFO: [ app_begin ] --END-- [ RunTime:0.001000s ]
SQL: SHOW COLUMNS FROM `cmf_users` [ RunTime:0.0020s ]
SQL: SELECT * FROM `cmf_users` WHERE ( id=1 ) LIMIT 1   [ RunTime:0.0000s ]
SQL: SHOW COLUMNS FROM `cmf_member` [ RunTime:0.0020s ]
NOTIC: [8] Undefined index: validate F:\web\thinkcmf-member\simplewind\Core\Library\Think\Model.class.php 第 1185 行.
NOTIC: [8] Undefined index: auto F:\web\thinkcmf-member\simplewind\Core\Library\Think\Model.class.php 第 1128 行.
SQL: UPDATE `cmf_member` SET `member_name`='adfgasdgadg',`sex`='1',`age`='0',`mobile`='34532646226',`occupation`='',`area`='',`weixin`='',`qq`='',`email`='',`remark`='',`update_time`='1458697129',`handle_user`='admin' WHERE `id` = 121 [ RunTime:0.0010s ]
SQL: SELECT * FROM `cmf_member` WHERE ( id=121 ) LIMIT 1   [ RunTime:0.0000s ]
SQL: SHOW COLUMNS FROM `cmf_log` [ RunTime:0.0230s ]
SQL: INSERT INTO `cmf_log` (`handle_user`,`desc`,`create_time`) VALUES ('admin','更新会员信息，会员ID：80000121，状态：成功！','1458697129') [ RunTime:0.0000s ]

[ 2016-03-23T09:39:02+08:00 ] 127.0.0.1 /index.php?g=Admin&m=Member&a=edit_post
INFO: [ app_begin ] --START--
INFO: Run Behavior\ReadHtmlCacheBehavior [ RunTime:0.001000s ]
INFO: Run Behavior\CheckLangBehavior [ RunTime:0.001000s ]
INFO: [ app_begin ] --END-- [ RunTime:0.002000s ]
SQL: SHOW COLUMNS FROM `cmf_users` [ RunTime:0.0020s ]
SQL: SELECT * FROM `cmf_users` WHERE ( id=1 ) LIMIT 1   [ RunTime:0.0000s ]
SQL: SHOW COLUMNS FROM `cmf_member` [ RunTime:0.0020s ]
NOTIC: [8] Undefined index: validate F:\web\thinkcmf-member\simplewind\Core\Library\Think\Model.class.php 第 1185 行.
NOTIC: [8] Undefined index: auto F:\web\thinkcmf-member\simplewind\Core\Library\Think\Model.class.php 第 1128 行.
SQL: UPDATE `cmf_member` SET `member_name`='adfgasdgadg',`sex`='1',`age`='0',`mobile`='34532646226',`occupation`='',`area`='',`weixin`='',`qq`='',`email`='',`remark`='',`update_time`='1458697142',`handle_user`='admin' WHERE `id` = 121 [ RunTime:0.0000s ]
SQL: SELECT * FROM `cmf_member` WHERE ( id=121 ) LIMIT 1   [ RunTime:0.0010s ]
SQL: SHOW COLUMNS FROM `cmf_log` [ RunTime:0.0010s ]
SQL: INSERT INTO `cmf_log` (`handle_user`,`desc`,`create_time`) VALUES ('admin','更新会员信息，会员ID：80000121，状态：成功！','1458697142') [ RunTime:0.0010s ]

[ 2016-03-23T10:10:12+08:00 ] 127.0.0.1 /index.php?g=Admin&m=Member&a=payment_record_post
INFO: [ app_begin ] --START--
INFO: Run Behavior\ReadHtmlCacheBehavior [ RunTime:0.000000s ]
INFO: Run Behavior\CheckLangBehavior [ RunTime:0.001000s ]
INFO: [ app_begin ] --END-- [ RunTime:0.001000s ]
SQL: SHOW COLUMNS FROM `cmf_users` [ RunTime:0.0020s ]
SQL: SELECT * FROM `cmf_users` WHERE ( id=1 ) LIMIT 1   [ RunTime:0.0000s ]
SQL: SHOW COLUMNS FROM `cmf_member` [ RunTime:0.0020s ]
NOTIC: [8] Undefined index: validate F:\web\thinkcmf-member\simplewind\Core\Library\Think\Model.class.php 第 1185 行.
NOTIC: [8] Undefined index: auto F:\web\thinkcmf-member\simplewind\Core\Library\Think\Model.class.php 第 1128 行.
SQL: SELECT * FROM `cmf_member` WHERE ( id=121 ) LIMIT 1   [ RunTime:0.0010s ]
SQL: UPDATE `cmf_member` SET `pay_type`='1',`remark`='',`member_name`='adfgasdgadg',`mobile`='34532646226',`pid`='106',`update_time`='1458699012',`handle_user`='admin',`rank`='1' WHERE `id` = 121 [ RunTime:0.0000s ]
SQL: SHOW COLUMNS FROM `cmf_payment_log` [ RunTime:0.0020s ]
SQL: INSERT INTO `cmf_payment_log` (`handle_user`,`member_id`,`member_name`,`amount`,`remark`,`create_time`) VALUES ('admin','80000121','adfgasdgadg','599','','1458699012') [ RunTime:0.0000s ]
SQL: SHOW COLUMNS FROM `cmf_log` [ RunTime:0.0020s ]
SQL: INSERT INTO `cmf_log` (`handle_user`,`desc`,`create_time`) VALUES ('admin','添加会员支付记录，会员ID：80000121，状态：成功！','1458699012') [ RunTime:0.0000s ]

[ 2016-03-23T10:11:19+08:00 ] 127.0.0.1 /index.php?g=Admin&m=Member&a=payment_record_post
INFO: [ app_begin ] --START--
INFO: Run Behavior\ReadHtmlCacheBehavior [ RunTime:0.000000s ]
INFO: Run Behavior\CheckLangBehavior [ RunTime:0.001000s ]
INFO: [ app_begin ] --END-- [ RunTime:0.001000s ]
SQL: SHOW COLUMNS FROM `cmf_users` [ RunTime:0.0020s ]
SQL: SELECT * FROM `cmf_users` WHERE ( id=1 ) LIMIT 1   [ RunTime:0.0000s ]
SQL: SHOW COLUMNS FROM `cmf_member` [ RunTime:0.0020s ]
NOTIC: [8] Undefined index: validate F:\web\thinkcmf-member\simplewind\Core\Library\Think\Model.class.php 第 1185 行.
NOTIC: [8] Undefined index: auto F:\web\thinkcmf-member\simplewind\Core\Library\Think\Model.class.php 第 1128 行.
SQL: SELECT * FROM `cmf_member` WHERE ( id=121 ) LIMIT 1   [ RunTime:0.0000s ]
SQL: UPDATE `cmf_member` SET `pay_type`='2',`remark`='升级资深卖咖',`member_name`='adfgasdgadg',`mobile`='34532646226',`pid`='106',`update_time`='1458699079',`handle_user`='admin',`rank`='2' WHERE `id` = 121 [ RunTime:0.0010s ]
SQL: SHOW COLUMNS FROM `cmf_payment_log` [ RunTime:0.0010s ]
SQL: INSERT INTO `cmf_payment_log` (`handle_user`,`member_id`,`member_name`,`amount`,`remark`,`create_time`) VALUES ('admin','80000121','adfgasdgadg','1599','升级资深卖咖','1458699079') [ RunTime:0.0000s ]
SQL: SHOW COLUMNS FROM `cmf_log` [ RunTime:0.0010s ]
SQL: INSERT INTO `cmf_log` (`handle_user`,`desc`,`create_time`) VALUES ('admin','添加会员支付记录，会员ID：80000121，状态：成功！','1458699079') [ RunTime:0.0000s ]

[ 2016-03-23T10:24:56+08:00 ] 127.0.0.1 /index.php?g=Admin&m=Member&a=add_post
INFO: [ app_begin ] --START--
INFO: Run Behavior\ReadHtmlCacheBehavior [ RunTime:0.001000s ]
INFO: Run Behavior\CheckLangBehavior [ RunTime:0.000000s ]
INFO: [ app_begin ] --END-- [ RunTime:0.001000s ]
SQL: SHOW COLUMNS FROM `cmf_users` [ RunTime:0.0020s ]
SQL: SELECT * FROM `cmf_users` WHERE ( id=1 ) LIMIT 1   [ RunTime:0.0010s ]
SQL: SHOW COLUMNS FROM `cmf_member` [ RunTime:0.0020s ]
NOTIC: [8] Undefined index: validate F:\web\thinkcmf-member\simplewind\Core\Library\Think\Model.class.php 第 1185 行.

[ 2016-03-23T10:25:05+08:00 ] 127.0.0.1 /index.php?g=Admin&m=Member&a=getAjaxMember&id=121
INFO: [ app_begin ] --START--
INFO: Run Behavior\ReadHtmlCacheBehavior [ RunTime:0.000000s ]
INFO: Run Behavior\CheckLangBehavior [ RunTime:0.001000s ]
INFO: [ app_begin ] --END-- [ RunTime:0.001000s ]
SQL: SHOW COLUMNS FROM `cmf_users` [ RunTime:0.0020s ]
SQL: SELECT * FROM `cmf_users` WHERE ( id=1 ) LIMIT 1   [ RunTime:0.0000s ]
SQL: SHOW COLUMNS FROM `cmf_member` [ RunTime:0.0020s ]
SQL: SELECT * FROM `cmf_member` WHERE ( id=121 ) LIMIT 1   [ RunTime:0.0000s ]

[ 2016-03-23T10:25:13+08:00 ] 127.0.0.1 /index.php?g=Admin&m=Member&a=add_post
INFO: [ app_begin ] --START--
INFO: Run Behavior\ReadHtmlCacheBehavior [ RunTime:0.000000s ]
INFO: Run Behavior\CheckLangBehavior [ RunTime:0.001000s ]
INFO: [ app_begin ] --END-- [ RunTime:0.001000s ]
SQL: SHOW COLUMNS FROM `cmf_users` [ RunTime:0.0020s ]
SQL: SELECT * FROM `cmf_users` WHERE ( id=1 ) LIMIT 1   [ RunTime:0.0000s ]
SQL: SHOW COLUMNS FROM `cmf_member` [ RunTime:0.0020s ]
NOTIC: [8] Undefined index: validate F:\web\thinkcmf-member\simplewind\Core\Library\Think\Model.class.php 第 1185 行.

[ 2016-03-23T10:30:27+08:00 ] 127.0.0.1 /index.php?g=Admin&m=Member&a=getAjaxMember&id=117
INFO: [ app_begin ] --START--
INFO: Run Behavior\ReadHtmlCacheBehavior [ RunTime:0.000000s ]
INFO: Run Behavior\CheckLangBehavior [ RunTime:0.000000s ]
INFO: [ app_begin ] --END-- [ RunTime:0.001000s ]
SQL: SHOW COLUMNS FROM `cmf_users` [ RunTime:0.0020s ]
SQL: SELECT * FROM `cmf_users` WHERE ( id=1 ) LIMIT 1   [ RunTime:0.0010s ]
SQL: SHOW COLUMNS FROM `cmf_member` [ RunTime:0.0020s ]
SQL: SELECT * FROM `cmf_member` WHERE ( id=117 ) LIMIT 1   [ RunTime:0.0010s ]

[ 2016-03-23T10:30:34+08:00 ] 127.0.0.1 /index.php?g=Admin&m=Member&a=add_post
INFO: [ app_begin ] --START--
INFO: Run Behavior\ReadHtmlCacheBehavior [ RunTime:0.001000s ]
INFO: Run Behavior\CheckLangBehavior [ RunTime:0.000000s ]
INFO: [ app_begin ] --END-- [ RunTime:0.001000s ]
SQL: SHOW COLUMNS FROM `cmf_users` [ RunTime:0.0020s ]
SQL: SELECT * FROM `cmf_users` WHERE ( id=1 ) LIMIT 1   [ RunTime:0.0010s ]
SQL: SHOW COLUMNS FROM `cmf_member` [ RunTime:0.0020s ]
NOTIC: [8] Undefined index: validate F:\web\thinkcmf-member\simplewind\Core\Library\Think\Model.class.php 第 1185 行.
SQL: SELECT * FROM `cmf_member` WHERE `mobile` = '23523521' LIMIT 1   [ RunTime:0.0000s ]
NOTIC: [8] Undefined index: auto F:\web\thinkcmf-member\simplewind\Core\Library\Think\Model.class.php 第 1128 行.
SQL: INSERT INTO `cmf_member` (`member_name`,`sex`,`age`,`mobile`,`occupation`,`area`,`weixin`,`qq`,`email`,`rank`,`pid`,`remark`,`create_time`,`update_time`,`handle_user`) VALUES ('asdfsdafdsa','1','0','23523521','','','','','','1','117','','1458700234','1458700234','admin') [ RunTime:0.0000s ]
SQL: UPDATE `cmf_member` SET `member_id`='80000122' WHERE ( id=122 ) [ RunTime:0.0010s ]
SQL: SELECT * FROM `cmf_member` WHERE ( id=122 ) LIMIT 1   [ RunTime:0.0000s ]
SQL: SELECT * FROM `cmf_member` WHERE ( id=117 ) LIMIT 1   [ RunTime:0.0000s ]
SQL: UPDATE `cmf_member` SET `relation`='0,106,107,108,109,110,111,112,113,114,115,116,117,122' WHERE ( id=122 ) [ RunTime:0.0000s ]
SQL: SELECT COUNT(*) AS tp_count FROM `cmf_member` WHERE `rank` < 3 AND `relation` LIKE '%106,%' LIMIT 1   [ RunTime:0.0000s ]
SQL: SELECT COUNT(*) AS tp_count FROM `cmf_member` WHERE `rank` < 3 AND `pid` = '106' LIMIT 1   [ RunTime:0.0000s ]
SQL: SELECT COUNT(*) AS tp_count FROM `cmf_member` WHERE `rank` < 3 AND `relation` LIKE '%107,%' LIMIT 1   [ RunTime:0.0000s ]
SQL: SELECT COUNT(*) AS tp_count FROM `cmf_member` WHERE `rank` < 3 AND `pid` = '107' LIMIT 1   [ RunTime:0.0000s ]
SQL: SELECT COUNT(*) AS tp_count FROM `cmf_member` WHERE `rank` < 3 AND `relation` LIKE '%108,%' LIMIT 1   [ RunTime:0.0000s ]
SQL: SELECT COUNT(*) AS tp_count FROM `cmf_member` WHERE `rank` < 3 AND `pid` = '108' LIMIT 1   [ RunTime:0.0000s ]
SQL: SELECT COUNT(*) AS tp_count FROM `cmf_member` WHERE `rank` < 3 AND `relation` LIKE '%109,%' LIMIT 1   [ RunTime:0.0000s ]
SQL: SELECT COUNT(*) AS tp_count FROM `cmf_member` WHERE `rank` < 3 AND `pid` = '109' LIMIT 1   [ RunTime:0.0000s ]
SQL: SELECT COUNT(*) AS tp_count FROM `cmf_member` WHERE `rank` < 3 AND `relation` LIKE '%110,%' LIMIT 1   [ RunTime:0.0010s ]
SQL: SELECT COUNT(*) AS tp_count FROM `cmf_member` WHERE `rank` < 3 AND `pid` = '110' LIMIT 1   [ RunTime:0.0000s ]
SQL: SELECT COUNT(*) AS tp_count FROM `cmf_member` WHERE `rank` < 3 AND `relation` LIKE '%111,%' LIMIT 1   [ RunTime:0.0000s ]
SQL: SELECT COUNT(*) AS tp_count FROM `cmf_member` WHERE `rank` < 3 AND `pid` = '111' LIMIT 1   [ RunTime:0.0000s ]
SQL: SELECT COUNT(*) AS tp_count FROM `cmf_member` WHERE `rank` < 3 AND `relation` LIKE '%112,%' LIMIT 1   [ RunTime:0.0000s ]
SQL: SELECT COUNT(*) AS tp_count FROM `cmf_member` WHERE `rank` < 3 AND `pid` = '112' LIMIT 1   [ RunTime:0.0010s ]
SQL: SELECT COUNT(*) AS tp_count FROM `cmf_member` WHERE `rank` < 3 AND `relation` LIKE '%113,%' LIMIT 1   [ RunTime:0.0000s ]
SQL: SELECT COUNT(*) AS tp_count FROM `cmf_member` WHERE `rank` < 3 AND `pid` = '113' LIMIT 1   [ RunTime:0.0000s ]
SQL: SELECT COUNT(*) AS tp_count FROM `cmf_member` WHERE `rank` < 3 AND `relation` LIKE '%114,%' LIMIT 1   [ RunTime:0.0000s ]
SQL: SELECT COUNT(*) AS tp_count FROM `cmf_member` WHERE `rank` < 3 AND `pid` = '114' LIMIT 1   [ RunTime:0.0000s ]
SQL: SELECT COUNT(*) AS tp_count FROM `cmf_member` WHERE `rank` < 3 AND `relation` LIKE '%115,%' LIMIT 1   [ RunTime:0.0010s ]
SQL: SELECT COUNT(*) AS tp_count FROM `cmf_member` WHERE `rank` < 3 AND `pid` = '115' LIMIT 1   [ RunTime:0.0000s ]
SQL: SELECT COUNT(*) AS tp_count FROM `cmf_member` WHERE `rank` < 3 AND `relation` LIKE '%116,%' LIMIT 1   [ RunTime:0.0000s ]
SQL: SELECT COUNT(*) AS tp_count FROM `cmf_member` WHERE `rank` < 3 AND `pid` = '116' LIMIT 1   [ RunTime:0.0000s ]
SQL: SELECT COUNT(*) AS tp_count FROM `cmf_member` WHERE `rank` < 3 AND `relation` LIKE '%117,%' LIMIT 1   [ RunTime:0.0000s ]
SQL: SELECT COUNT(*) AS tp_count FROM `cmf_member` WHERE `rank` < 3 AND `pid` = '117' LIMIT 1   [ RunTime:0.0010s ]
SQL: SELECT * FROM `cmf_member` WHERE ( id=106 ) LIMIT 1   [ RunTime:0.0000s ]
SQL: SELECT * FROM `cmf_member` WHERE ( id=107 ) LIMIT 1   [ RunTime:0.0000s ]
SQL: SELECT * FROM `cmf_member` WHERE ( id=108 ) LIMIT 1   [ RunTime:0.0000s ]
SQL: SELECT * FROM `cmf_member` WHERE ( id=109 ) LIMIT 1   [ RunTime:0.0000s ]
SQL: SELECT * FROM `cmf_member` WHERE ( id=110 ) LIMIT 1   [ RunTime:0.0000s ]
SQL: SELECT * FROM `cmf_member` WHERE ( id=111 ) LIMIT 1   [ RunTime:0.0000s ]
SQL: SELECT * FROM `cmf_member` WHERE ( id=112 ) LIMIT 1   [ RunTime:0.0000s ]
SQL: SELECT * FROM `cmf_member` WHERE ( id=113 ) LIMIT 1   [ RunTime:0.0000s ]
SQL: SELECT * FROM `cmf_member` WHERE ( id=114 ) LIMIT 1   [ RunTime:0.0000s ]
SQL: SELECT * FROM `cmf_member` WHERE ( id=115 ) LIMIT 1   [ RunTime:0.0000s ]
SQL: SELECT * FROM `cmf_member` WHERE ( id=116 ) LIMIT 1   [ RunTime:0.0000s ]
SQL: SELECT * FROM `cmf_member` WHERE ( id=117 ) LIMIT 1   [ RunTime:0.0010s ]
SQL: SHOW COLUMNS FROM `cmf_log` [ RunTime:0.0010s ]
SQL: INSERT INTO `cmf_log` (`handle_user`,`desc`,`create_time`) VALUES ('admin','添加会员，会员ID：80000122，状态：成功！','1458700234') [ RunTime:0.0000s ]

[ 2016-03-23T10:30:54+08:00 ] 127.0.0.1 /index.php?g=Admin&m=Member&a=getAjaxMember&id=118
INFO: [ app_begin ] --START--
INFO: Run Behavior\ReadHtmlCacheBehavior [ RunTime:0.000000s ]
INFO: Run Behavior\CheckLangBehavior [ RunTime:0.000000s ]
INFO: [ app_begin ] --END-- [ RunTime:0.001000s ]
SQL: SHOW COLUMNS FROM `cmf_users` [ RunTime:0.0020s ]
SQL: SELECT * FROM `cmf_users` WHERE ( id=1 ) LIMIT 1   [ RunTime:0.0010s ]
SQL: SHOW COLUMNS FROM `cmf_member` [ RunTime:0.0020s ]
SQL: SELECT * FROM `cmf_member` WHERE ( id=118 ) LIMIT 1   [ RunTime:0.0010s ]

[ 2016-03-23T10:30:55+08:00 ] 127.0.0.1 /index.php?g=Admin&m=Member&a=add_post
INFO: [ app_begin ] --START--
INFO: Run Behavior\ReadHtmlCacheBehavior [ RunTime:0.000000s ]
INFO: Run Behavior\CheckLangBehavior [ RunTime:0.001000s ]
INFO: [ app_begin ] --END-- [ RunTime:0.001000s ]
SQL: SHOW COLUMNS FROM `cmf_users` [ RunTime:0.0020s ]
SQL: SELECT * FROM `cmf_users` WHERE ( id=1 ) LIMIT 1   [ RunTime:0.0010s ]
SQL: SHOW COLUMNS FROM `cmf_member` [ RunTime:0.0020s ]
NOTIC: [8] Undefined index: validate F:\web\thinkcmf-member\simplewind\Core\Library\Think\Model.class.php 第 1185 行.

[ 2016-03-23T10:31:03+08:00 ] 127.0.0.1 /index.php?g=Admin&m=Member&a=add_post
INFO: [ app_begin ] --START--
INFO: Run Behavior\ReadHtmlCacheBehavior [ RunTime:0.001000s ]
INFO: Run Behavior\CheckLangBehavior [ RunTime:0.000000s ]
INFO: [ app_begin ] --END-- [ RunTime:0.001000s ]
SQL: SHOW COLUMNS FROM `cmf_users` [ RunTime:0.0020s ]
SQL: SELECT * FROM `cmf_users` WHERE ( id=1 ) LIMIT 1   [ RunTime:0.0000s ]
SQL: SHOW COLUMNS FROM `cmf_member` [ RunTime:0.0020s ]
NOTIC: [8] Undefined index: validate F:\web\thinkcmf-member\simplewind\Core\Library\Think\Model.class.php 第 1185 行.
SQL: SELECT * FROM `cmf_member` WHERE `mobile` = '1234324' LIMIT 1   [ RunTime:0.0000s ]
NOTIC: [8] Undefined index: auto F:\web\thinkcmf-member\simplewind\Core\Library\Think\Model.class.php 第 1128 行.
SQL: INSERT INTO `cmf_member` (`member_name`,`sex`,`age`,`mobile`,`occupation`,`area`,`weixin`,`qq`,`email`,`rank`,`pid`,`remark`,`create_time`,`update_time`,`handle_user`) VALUES ('sadfsdafasd','1','0','1234324','','','','','','1','118','','1458700263','1458700263','admin') [ RunTime:0.0000s ]
SQL: UPDATE `cmf_member` SET `member_id`='80000123' WHERE ( id=123 ) [ RunTime:0.0000s ]
SQL: SELECT * FROM `cmf_member` WHERE ( id=123 ) LIMIT 1   [ RunTime:0.0000s ]
SQL: SELECT * FROM `cmf_member` WHERE ( id=118 ) LIMIT 1   [ RunTime:0.0000s ]
SQL: UPDATE `cmf_member` SET `relation`='0,106,107,108,109,110,111,112,113,114,115,116,117,118,123' WHERE ( id=123 ) [ RunTime:0.0000s ]
SQL: SELECT COUNT(*) AS tp_count FROM `cmf_member` WHERE `rank` < 3 AND `relation` LIKE '%106,%' LIMIT 1   [ RunTime:0.0010s ]
SQL: SELECT COUNT(*) AS tp_count FROM `cmf_member` WHERE `rank` < 3 AND `pid` = '106' LIMIT 1   [ RunTime:0.0000s ]
SQL: SELECT COUNT(*) AS tp_count FROM `cmf_member` WHERE `rank` < 3 AND `relation` LIKE '%107,%' LIMIT 1   [ RunTime:0.0000s ]
SQL: SELECT COUNT(*) AS tp_count FROM `cmf_member` WHERE `rank` < 3 AND `pid` = '107' LIMIT 1   [ RunTime:0.0000s ]
SQL: SELECT COUNT(*) AS tp_count FROM `cmf_member` WHERE `rank` < 3 AND `relation` LIKE '%108,%' LIMIT 1   [ RunTime:0.0010s ]
SQL: SELECT COUNT(*) AS tp_count FROM `cmf_member` WHERE `rank` < 3 AND `pid` = '108' LIMIT 1   [ RunTime:0.0000s ]
SQL: SELECT COUNT(*) AS tp_count FROM `cmf_member` WHERE `rank` < 3 AND `relation` LIKE '%109,%' LIMIT 1   [ RunTime:0.0000s ]
SQL: SELECT COUNT(*) AS tp_count FROM `cmf_member` WHERE `rank` < 3 AND `pid` = '109' LIMIT 1   [ RunTime:0.0000s ]
SQL: SELECT COUNT(*) AS tp_count FROM `cmf_member` WHERE `rank` < 3 AND `relation` LIKE '%110,%' LIMIT 1   [ RunTime:0.0010s ]
SQL: SELECT COUNT(*) AS tp_count FROM `cmf_member` WHERE `rank` < 3 AND `pid` = '110' LIMIT 1   [ RunTime:0.0000s ]
SQL: SELECT COUNT(*) AS tp_count FROM `cmf_member` WHERE `rank` < 3 AND `relation` LIKE '%111,%' LIMIT 1   [ RunTime:0.0000s ]
SQL: SELECT COUNT(*) AS tp_count FROM `cmf_member` WHERE `rank` < 3 AND `pid` = '111' LIMIT 1   [ RunTime:0.0000s ]
SQL: SELECT COUNT(*) AS tp_count FROM `cmf_member` WHERE `rank` < 3 AND `relation` LIKE '%112,%' LIMIT 1   [ RunTime:0.0010s ]
SQL: SELECT COUNT(*) AS tp_count FROM `cmf_member` WHERE `rank` < 3 AND `pid` = '112' LIMIT 1   [ RunTime:0.0000s ]
SQL: SELECT COUNT(*) AS tp_count FROM `cmf_member` WHERE `rank` < 3 AND `relation` LIKE '%113,%' LIMIT 1   [ RunTime:0.0000s ]
SQL: SELECT COUNT(*) AS tp_count FROM `cmf_member` WHERE `rank` < 3 AND `pid` = '113' LIMIT 1   [ RunTime:0.0000s ]
SQL: SELECT COUNT(*) AS tp_count FROM `cmf_member` WHERE `rank` < 3 AND `relation` LIKE '%114,%' LIMIT 1   [ RunTime:0.0010s ]
SQL: SELECT COUNT(*) AS tp_count FROM `cmf_member` WHERE `rank` < 3 AND `pid` = '114' LIMIT 1   [ RunTime:0.0000s ]
SQL: SELECT COUNT(*) AS tp_count FROM `cmf_member` WHERE `rank` < 3 AND `relation` LIKE '%115,%' LIMIT 1   [ RunTime:0.0000s ]
SQL: SELECT COUNT(*) AS tp_count FROM `cmf_member` WHERE `rank` < 3 AND `pid` = '115' LIMIT 1   [ RunTime:0.0000s ]
SQL: SELECT COUNT(*) AS tp_count FROM `cmf_member` WHERE `rank` < 3 AND `relation` LIKE '%116,%' LIMIT 1   [ RunTime:0.0000s ]
SQL: SELECT COUNT(*) AS tp_count FROM `cmf_member` WHERE `rank` < 3 AND `pid` = '116' LIMIT 1   [ RunTime:0.0010s ]
SQL: SELECT COUNT(*) AS tp_count FROM `cmf_member` WHERE `rank` < 3 AND `relation` LIKE '%117,%' LIMIT 1   [ RunTime:0.0000s ]
SQL: SELECT COUNT(*) AS tp_count FROM `cmf_member` WHERE `rank` < 3 AND `pid` = '117' LIMIT 1   [ RunTime:0.0000s ]
SQL: SELECT COUNT(*) AS tp_count FROM `cmf_member` WHERE `rank` < 3 AND `relation` LIKE '%118,%' LIMIT 1   [ RunTime:0.0000s ]
SQL: SELECT COUNT(*) AS tp_count FROM `cmf_member` WHERE `rank` < 3 AND `pid` = '118' LIMIT 1   [ RunTime:0.0000s ]
SQL: SELECT * FROM `cmf_member` WHERE ( id=106 ) LIMIT 1   [ RunTime:0.0010s ]
SQL: SELECT * FROM `cmf_member` WHERE ( id=107 ) LIMIT 1   [ RunTime:0.0000s ]
SQL: SELECT * FROM `cmf_member` WHERE ( id=108 ) LIMIT 1   [ RunTime:0.0000s ]
SQL: SELECT * FROM `cmf_member` WHERE ( id=109 ) LIMIT 1   [ RunTime:0.0000s ]
SQL: SELECT * FROM `cmf_member` WHERE ( id=110 ) LIMIT 1   [ RunTime:0.0000s ]
SQL: SELECT * FROM `cmf_member` WHERE ( id=111 ) LIMIT 1   [ RunTime:0.0010s ]
SQL: SELECT * FROM `cmf_member` WHERE ( id=112 ) LIMIT 1   [ RunTime:0.0000s ]
SQL: SELECT * FROM `cmf_member` WHERE ( id=113 ) LIMIT 1   [ RunTime:0.0000s ]
SQL: SELECT * FROM `cmf_member` WHERE ( id=114 ) LIMIT 1   [ RunTime:0.0000s ]
SQL: SELECT * FROM `cmf_member` WHERE ( id=115 ) LIMIT 1   [ RunTime:0.0000s ]
SQL: SELECT * FROM `cmf_member` WHERE ( id=116 ) LIMIT 1   [ RunTime:0.0000s ]
SQL: SELECT * FROM `cmf_member` WHERE ( id=117 ) LIMIT 1   [ RunTime:0.0000s ]
SQL: SELECT * FROM `cmf_member` WHERE ( id=118 ) LIMIT 1   [ RunTime:0.0000s ]
SQL: SHOW COLUMNS FROM `cmf_log` [ RunTime:0.0020s ]
SQL: INSERT INTO `cmf_log` (`handle_user`,`desc`,`create_time`) VALUES ('admin','添加会员，会员ID：80000123，状态：成功！','1458700263') [ RunTime:0.0000s ]

[ 2016-03-23T10:31:24+08:00 ] 127.0.0.1 /index.php?g=Admin&m=Member&a=getAjaxMember&id=106
INFO: [ app_begin ] --START--
INFO: Run Behavior\ReadHtmlCacheBehavior [ RunTime:0.000000s ]
INFO: Run Behavior\CheckLangBehavior [ RunTime:0.000000s ]
INFO: [ app_begin ] --END-- [ RunTime:0.001000s ]
SQL: SHOW COLUMNS FROM `cmf_users` [ RunTime:0.0020s ]
SQL: SELECT * FROM `cmf_users` WHERE ( id=1 ) LIMIT 1   [ RunTime:0.0000s ]
SQL: SHOW COLUMNS FROM `cmf_member` [ RunTime:0.0020s ]
SQL: SELECT * FROM `cmf_member` WHERE ( id=106 ) LIMIT 1   [ RunTime:0.0000s ]

[ 2016-03-23T10:31:27+08:00 ] 127.0.0.1 /index.php?g=Admin&m=Member&a=add_post
INFO: [ app_begin ] --START--
INFO: Run Behavior\ReadHtmlCacheBehavior [ RunTime:0.000000s ]
INFO: Run Behavior\CheckLangBehavior [ RunTime:0.001000s ]
INFO: [ app_begin ] --END-- [ RunTime:0.002000s ]
SQL: SHOW COLUMNS FROM `cmf_users` [ RunTime:0.0020s ]
SQL: SELECT * FROM `cmf_users` WHERE ( id=1 ) LIMIT 1   [ RunTime:0.0010s ]
SQL: SHOW COLUMNS FROM `cmf_member` [ RunTime:0.0020s ]
NOTIC: [8] Undefined index: validate F:\web\thinkcmf-member\simplewind\Core\Library\Think\Model.class.php 第 1185 行.
SQL: SELECT * FROM `cmf_member` WHERE `mobile` = '436546547457' LIMIT 1   [ RunTime:0.0000s ]
NOTIC: [8] Undefined index: auto F:\web\thinkcmf-member\simplewind\Core\Library\Think\Model.class.php 第 1128 行.
SQL: INSERT INTO `cmf_member` (`member_name`,`sex`,`age`,`mobile`,`occupation`,`area`,`weixin`,`qq`,`email`,`rank`,`pid`,`remark`,`create_time`,`update_time`,`handle_user`) VALUES ('sadfaswws','1','0','436546547457','','','','','','1','106','','1458700287','1458700287','admin') [ RunTime:0.0000s ]
SQL: UPDATE `cmf_member` SET `member_id`='80000124' WHERE ( id=124 ) [ RunTime:0.0000s ]
SQL: SELECT * FROM `cmf_member` WHERE ( id=124 ) LIMIT 1   [ RunTime:0.0010s ]
SQL: SELECT * FROM `cmf_member` WHERE ( id=106 ) LIMIT 1   [ RunTime:0.0000s ]
SQL: UPDATE `cmf_member` SET `relation`='0,106,124' WHERE ( id=124 ) [ RunTime:0.0000s ]
SQL: SELECT COUNT(*) AS tp_count FROM `cmf_member` WHERE `rank` < 3 AND `relation` LIKE '%106,%' LIMIT 1   [ RunTime:0.0000s ]
SQL: SELECT COUNT(*) AS tp_count FROM `cmf_member` WHERE `rank` < 3 AND `pid` = '106' LIMIT 1   [ RunTime:0.0010s ]
SQL: SELECT * FROM `cmf_member` WHERE ( id=106 ) LIMIT 1   [ RunTime:0.0000s ]
SQL: UPDATE `cmf_member` SET `rank`='3' WHERE ( id=106 ) [ RunTime:0.0000s ]
SQL: SHOW COLUMNS FROM `cmf_log` [ RunTime:0.0020s ]
SQL: INSERT INTO `cmf_log` (`handle_user`,`desc`,`create_time`) VALUES ('admin','会员满足升级条件，会员ID：80000106,自动升级成为大咖！','1458700287') [ RunTime:0.0000s ]
SQL: INSERT INTO `cmf_log` (`handle_user`,`desc`,`create_time`) VALUES ('admin','添加会员，会员ID：80000124，状态：成功！','1458700287') [ RunTime:0.0010s ]

[ 2016-03-23T10:35:20+08:00 ] 127.0.0.1 /index.php?g=Admin&m=Member&a=getAjaxMember&id=121
INFO: [ app_begin ] --START--
INFO: Run Behavior\ReadHtmlCacheBehavior [ RunTime:0.001001s ]
INFO: Run Behavior\CheckLangBehavior [ RunTime:0.000000s ]
INFO: [ app_begin ] --END-- [ RunTime:0.001001s ]
SQL: SHOW COLUMNS FROM `cmf_users` [ RunTime:0.0020s ]
SQL: SELECT * FROM `cmf_users` WHERE ( id=1 ) LIMIT 1   [ RunTime:0.0000s ]
SQL: SHOW COLUMNS FROM `cmf_member` [ RunTime:0.0020s ]
SQL: SELECT * FROM `cmf_member` WHERE ( id=121 ) LIMIT 1   [ RunTime:0.0000s ]

[ 2016-03-23T16:58:47+08:00 ] 127.0.0.1 /index.php?g=Admin&m=Member&a=payment_record_post
INFO: [ app_begin ] --START--
INFO: Run Behavior\ReadHtmlCacheBehavior [ RunTime:0.000000s ]
INFO: Run Behavior\CheckLangBehavior [ RunTime:0.001000s ]
INFO: [ app_begin ] --END-- [ RunTime:0.001000s ]
SQL: SHOW COLUMNS FROM `cmf_users` [ RunTime:0.0020s ]
SQL: SELECT * FROM `cmf_users` WHERE ( id=1 ) LIMIT 1   [ RunTime:0.0000s ]
SQL: SHOW COLUMNS FROM `cmf_member` [ RunTime:0.0020s ]
NOTIC: [8] Undefined index: validate F:\web\thinkcmf-member\simplewind\Core\Library\Think\Model.class.php 第 1185 行.
NOTIC: [8] Undefined index: auto F:\web\thinkcmf-member\simplewind\Core\Library\Think\Model.class.php 第 1128 行.
SQL: SELECT * FROM `cmf_member` WHERE ( id=123 ) LIMIT 1   [ RunTime:0.0010s ]
SQL: UPDATE `cmf_member` SET `pay_type`='1',`remark`='',`member_name`='sadfsdafasd',`mobile`='1234324',`pid`='118',`update_time`='1458723527',`handle_user`='admin',`rank`='1' WHERE `id` = 123 [ RunTime:0.0000s ]
SQL: SHOW COLUMNS FROM `cmf_payment_log` [ RunTime:0.0230s ]
SQL: INSERT INTO `cmf_payment_log` (`handle_user`,`member_id`,`member_name`,`amount`,`remark`,`create_time`) VALUES ('admin','123','sadfsdafasd','599','','1458723527') [ RunTime:0.0000s ]
SQL: SHOW COLUMNS FROM `cmf_log` [ RunTime:0.0020s ]
SQL: INSERT INTO `cmf_log` (`handle_user`,`desc`,`create_time`) VALUES ('admin','添加会员支付记录，会员ID：123，状态：成功！','1458723527') [ RunTime:0.0060s ]

