[ 2016-03-26T08:36:44+08:00 ] 127.0.0.1 /index.php?g=Admin&m=public&a=dologin
INFO: [ app_begin ] --START--
INFO: Run Behavior\ReadHtmlCacheBehavior [ RunTime:0.000000s ]
INFO: Run Behavior\CheckLangBehavior [ RunTime:0.001000s ]
INFO: [ app_begin ] --END-- [ RunTime:0.001000s ]
SQL: SHOW COLUMNS FROM `cmf_users` [ RunTime:0.0020s ]
SQL: SELECT * FROM `cmf_users` WHERE `user_login` = 'admin' LIMIT 1   [ RunTime:0.0000s ]
SQL: SHOW COLUMNS FROM `cmf_role_user` [ RunTime:0.0210s ]
SQL: SELECT `role_id` FROM cmf_role_user a INNER JOIN cmf_role as b on a.role_id =b.id  WHERE `user_id` = '1' AND `status` = 1  [ RunTime:0.0000s ]
SQL: UPDATE `cmf_users` SET `user_login`='admin',`user_pass`='###e8fd9b876db9e39b1643eb29ab9559ec',`user_nicename`='admin',`user_email`='admin@localhost.com',`user_url`='',`avatar`=NULL,`sex`='0',`birthday`=NULL,`signature`=NULL,`last_login_ip`='127.0.0.1',`last_login_time`='2016-03-26 08:36:44',`create_time`='2016-03-18 05:14:43',`user_activation_key`='',`user_status`='1',`score`='0',`user_type`='1',`coin`='0',`mobile`='' WHERE `id` = '1' [ RunTime:0.0000s ]

[ 2016-03-26T08:37:09+08:00 ] 127.0.0.1 /index.php?g=Admin&m=Member&a=add_post
INFO: [ app_begin ] --START--
INFO: Run Behavior\ReadHtmlCacheBehavior [ RunTime:0.001000s ]
INFO: Run Behavior\CheckLangBehavior [ RunTime:0.000000s ]
INFO: [ app_begin ] --END-- [ RunTime:0.001000s ]
SQL: SHOW COLUMNS FROM `cmf_users` [ RunTime:0.0020s ]
SQL: SELECT * FROM `cmf_users` WHERE ( id=1 ) LIMIT 1   [ RunTime:0.0000s ]
SQL: SHOW COLUMNS FROM `cmf_member` [ RunTime:0.0020s ]
NOTIC: [8] Undefined index: validate F:\web\thinkcmf-member\simplewind\Core\Library\Think\Model.class.php 第 1185 行.

[ 2016-03-26T08:37:20+08:00 ] 127.0.0.1 /index.php?g=Admin&m=Member&a=add_post
INFO: [ app_begin ] --START--
INFO: Run Behavior\ReadHtmlCacheBehavior [ RunTime:0.001000s ]
INFO: Run Behavior\CheckLangBehavior [ RunTime:0.000000s ]
INFO: [ app_begin ] --END-- [ RunTime:0.001000s ]
SQL: SHOW COLUMNS FROM `cmf_users` [ RunTime:0.0020s ]
SQL: SELECT * FROM `cmf_users` WHERE ( id=1 ) LIMIT 1   [ RunTime:0.0000s ]
SQL: SHOW COLUMNS FROM `cmf_member` [ RunTime:0.0020s ]
NOTIC: [8] Undefined index: validate F:\web\thinkcmf-member\simplewind\Core\Library\Think\Model.class.php 第 1185 行.
SQL: SELECT * FROM `cmf_member` WHERE `mobile` = '111' LIMIT 1   [ RunTime:0.0000s ]
NOTIC: [8] Undefined index: auto F:\web\thinkcmf-member\simplewind\Core\Library\Think\Model.class.php 第 1128 行.

[ 2016-03-26T08:38:56+08:00 ] 127.0.0.1 /index.php?g=Admin&m=Member&a=add_post
INFO: [ app_begin ] --START--
INFO: Run Behavior\ReadHtmlCacheBehavior [ RunTime:0.000000s ]
INFO: Run Behavior\CheckLangBehavior [ RunTime:0.001000s ]
INFO: [ app_begin ] --END-- [ RunTime:0.001000s ]
SQL: SHOW COLUMNS FROM `cmf_users` [ RunTime:0.0020s ]
SQL: SELECT * FROM `cmf_users` WHERE ( id=1 ) LIMIT 1   [ RunTime:0.0000s ]
SQL: SHOW COLUMNS FROM `cmf_member` [ RunTime:0.0020s ]
NOTIC: [8] Undefined index: validate F:\web\thinkcmf-member\simplewind\Core\Library\Think\Model.class.php 第 1185 行.
SQL: SELECT * FROM `cmf_member` WHERE `mobile` = '1231241234' LIMIT 1   [ RunTime:0.0010s ]
NOTIC: [8] Undefined index: auto F:\web\thinkcmf-member\simplewind\Core\Library\Think\Model.class.php 第 1128 行.

[ 2016-03-26T08:40:34+08:00 ] 127.0.0.1 /index.php?g=Admin&m=Member&a=add_post
INFO: [ app_begin ] --START--
INFO: Run Behavior\ReadHtmlCacheBehavior [ RunTime:0.000000s ]
INFO: Run Behavior\CheckLangBehavior [ RunTime:0.001000s ]
INFO: [ app_begin ] --END-- [ RunTime:0.001000s ]
SQL: SHOW COLUMNS FROM `cmf_users` [ RunTime:0.0020s ]
SQL: SELECT * FROM `cmf_users` WHERE ( id=1 ) LIMIT 1   [ RunTime:0.0000s ]
SQL: SHOW COLUMNS FROM `cmf_member` [ RunTime:0.0020s ]
NOTIC: [8] Undefined index: validate F:\web\thinkcmf-member\simplewind\Core\Library\Think\Model.class.php 第 1185 行.
SQL: SELECT * FROM `cmf_member` WHERE `mobile` = '235235235' LIMIT 1   [ RunTime:0.0000s ]
NOTIC: [8] Undefined index: auto F:\web\thinkcmf-member\simplewind\Core\Library\Think\Model.class.php 第 1128 行.

[ 2016-03-26T08:41:07+08:00 ] 127.0.0.1 /index.php?g=Admin&m=Member&a=add_post
INFO: [ app_begin ] --START--
INFO: Run Behavior\ReadHtmlCacheBehavior [ RunTime:0.000000s ]
INFO: Run Behavior\CheckLangBehavior [ RunTime:0.000000s ]
INFO: [ app_begin ] --END-- [ RunTime:0.001001s ]
SQL: SHOW COLUMNS FROM `cmf_users` [ RunTime:0.0020s ]
SQL: SELECT * FROM `cmf_users` WHERE ( id=1 ) LIMIT 1   [ RunTime:0.0010s ]
SQL: SHOW COLUMNS FROM `cmf_member` [ RunTime:0.0020s ]
NOTIC: [8] Undefined index: validate F:\web\thinkcmf-member\simplewind\Core\Library\Think\Model.class.php 第 1185 行.
SQL: SELECT * FROM `cmf_member` WHERE `mobile` = '2315345613465' LIMIT 1   [ RunTime:0.0000s ]
NOTIC: [8] Undefined index: auto F:\web\thinkcmf-member\simplewind\Core\Library\Think\Model.class.php 第 1128 行.
SQL: INSERT INTO `cmf_member` (`area`) VALUES ('北京市市辖区东城区') [ RunTime:0.0000s ]
SQL: UPDATE `cmf_member` SET `member_id`='80000006' WHERE ( id=6 ) [ RunTime:0.0000s ]
SQL: SELECT * FROM `cmf_member` WHERE ( id=6 ) LIMIT 1   [ RunTime:0.0000s ]
SQL: UPDATE `cmf_member` SET `relation`='0,6' WHERE ( id=6 ) [ RunTime:0.0000s ]
SQL: SHOW COLUMNS FROM `cmf_log` [ RunTime:0.0020s ]
SQL: INSERT INTO `cmf_log` (`handle_user`,`desc`,`create_time`) VALUES ('admin','添加会员，会员ID：6，状态：成功！','1458952867') [ RunTime:0.0000s ]

[ 2016-03-26T08:42:23+08:00 ] 127.0.0.1 /index.php?g=Admin&m=Member&a=add_post
INFO: [ app_begin ] --START--
INFO: Run Behavior\ReadHtmlCacheBehavior [ RunTime:0.000000s ]
INFO: Run Behavior\CheckLangBehavior [ RunTime:0.000000s ]
INFO: [ app_begin ] --END-- [ RunTime:0.001000s ]
SQL: SHOW COLUMNS FROM `cmf_users` [ RunTime:0.0020s ]
SQL: SELECT * FROM `cmf_users` WHERE ( id=1 ) LIMIT 1   [ RunTime:0.0000s ]
SQL: SHOW COLUMNS FROM `cmf_member` [ RunTime:0.0020s ]
NOTIC: [8] Undefined index: validate F:\web\thinkcmf-member\simplewind\Core\Library\Think\Model.class.php 第 1185 行.
SQL: SELECT * FROM `cmf_member` WHERE `mobile` = '3425346612' LIMIT 1   [ RunTime:0.0000s ]
NOTIC: [8] Undefined index: auto F:\web\thinkcmf-member\simplewind\Core\Library\Think\Model.class.php 第 1128 行.
SQL: INSERT INTO `cmf_member` (`member_name`,`sex`,`age`,`mobile`,`occupation`,`area`,`weixin`,`qq`,`email`,`rank`,`pid`,`remark`,`create_time`,`update_time`,`old_rank`,`handle_user`) VALUES ('asdfsdafsadf','1','0','3425346612','','北京市市辖区东城区','','','','1','0','','1458952943','1458952943','1','admin') [ RunTime:0.0010s ]
SQL: UPDATE `cmf_member` SET `member_id`='80000007' WHERE ( id=7 ) [ RunTime:0.0000s ]
SQL: SELECT * FROM `cmf_member` WHERE ( id=7 ) LIMIT 1   [ RunTime:0.0000s ]
SQL: UPDATE `cmf_member` SET `relation`='0,7' WHERE ( id=7 ) [ RunTime:0.0000s ]
SQL: SHOW COLUMNS FROM `cmf_log` [ RunTime:0.0020s ]
SQL: INSERT INTO `cmf_log` (`handle_user`,`desc`,`create_time`) VALUES ('admin','添加会员，会员ID：7，状态：成功！','1458952943') [ RunTime:0.0010s ]

[ 2016-03-26T08:42:56+08:00 ] 127.0.0.1 /index.php?g=Admin&m=Member&a=add_post
INFO: [ app_begin ] --START--
INFO: Run Behavior\ReadHtmlCacheBehavior [ RunTime:0.000000s ]
INFO: Run Behavior\CheckLangBehavior [ RunTime:0.001000s ]
INFO: [ app_begin ] --END-- [ RunTime:0.001000s ]
SQL: SHOW COLUMNS FROM `cmf_users` [ RunTime:0.0020s ]
SQL: SELECT * FROM `cmf_users` WHERE ( id=1 ) LIMIT 1   [ RunTime:0.0010s ]
SQL: SHOW COLUMNS FROM `cmf_member` [ RunTime:0.0020s ]
NOTIC: [8] Undefined index: validate F:\web\thinkcmf-member\simplewind\Core\Library\Think\Model.class.php 第 1185 行.
SQL: SELECT * FROM `cmf_member` WHERE `mobile` = '2351432151345' LIMIT 1   [ RunTime:0.0010s ]
NOTIC: [8] Undefined index: auto F:\web\thinkcmf-member\simplewind\Core\Library\Think\Model.class.php 第 1128 行.
SQL: INSERT INTO `cmf_member` (`member_name`,`sex`,`age`,`mobile`,`occupation`,`area`,`weixin`,`qq`,`email`,`rank`,`pid`,`remark`,`create_time`,`update_time`,`old_rank`,`handle_user`) VALUES ('asdfsadfasdf','1','0','2351432151345','','安徽省合肥市蜀山区','','','','1','0','','1458952976','1458952976','1','admin') [ RunTime:0.0000s ]
SQL: UPDATE `cmf_member` SET `member_id`='80000008' WHERE ( id=8 ) [ RunTime:0.0000s ]
SQL: SELECT * FROM `cmf_member` WHERE ( id=8 ) LIMIT 1   [ RunTime:0.0000s ]
SQL: UPDATE `cmf_member` SET `relation`='0,8' WHERE ( id=8 ) [ RunTime:0.0000s ]
SQL: SHOW COLUMNS FROM `cmf_log` [ RunTime:0.0020s ]
SQL: INSERT INTO `cmf_log` (`handle_user`,`desc`,`create_time`) VALUES ('admin','添加会员，会员ID：8，状态：成功！','1458952976') [ RunTime:0.0000s ]

[ 2016-03-26T08:44:29+08:00 ] 127.0.0.1 /index.php?g=Admin&m=Member&a=add_post
INFO: [ app_begin ] --START--
INFO: Run Behavior\ReadHtmlCacheBehavior [ RunTime:0.000000s ]
INFO: Run Behavior\CheckLangBehavior [ RunTime:0.000000s ]
INFO: [ app_begin ] --END-- [ RunTime:0.001000s ]
SQL: SHOW COLUMNS FROM `cmf_users` [ RunTime:0.0020s ]
SQL: SELECT * FROM `cmf_users` WHERE ( id=1 ) LIMIT 1   [ RunTime:0.0000s ]
SQL: SHOW COLUMNS FROM `cmf_member` [ RunTime:0.0020s ]
NOTIC: [8] Undefined index: validate F:\web\thinkcmf-member\simplewind\Core\Library\Think\Model.class.php 第 1185 行.
SQL: SELECT * FROM `cmf_member` WHERE `mobile` = '3443245' LIMIT 1   [ RunTime:0.0010s ]
NOTIC: [8] Undefined index: auto F:\web\thinkcmf-member\simplewind\Core\Library\Think\Model.class.php 第 1128 行.
SQL: INSERT INTO `cmf_member` (`member_name`,`sex`,`age`,`mobile`,`occupation`,`area`,`weixin`,`qq`,`email`,`rank`,`pid`,`remark`,`create_time`,`update_time`,`old_rank`,`handle_user`) VALUES ('asdfsdf','1','0','3443245','','山西省,太原市,市辖区','','','','1','0','','1458953069','1458953069','1','admin') [ RunTime:0.0000s ]
SQL: UPDATE `cmf_member` SET `member_id`='80000009' WHERE ( id=9 ) [ RunTime:0.0010s ]
SQL: SELECT * FROM `cmf_member` WHERE ( id=9 ) LIMIT 1   [ RunTime:0.0000s ]
SQL: UPDATE `cmf_member` SET `relation`='0,9' WHERE ( id=9 ) [ RunTime:0.0000s ]
SQL: SHOW COLUMNS FROM `cmf_log` [ RunTime:0.0020s ]
SQL: INSERT INTO `cmf_log` (`handle_user`,`desc`,`create_time`) VALUES ('admin','添加会员，会员ID：9，状态：成功！','1458953069') [ RunTime:0.0000s ]

[ 2016-03-26T09:08:54+08:00 ] 127.0.0.1 /index.php?g=Admin&m=Member&a=info&id=1
ERR: Think\Controller:getLowerLevel方法不存在！

[ 2016-03-26T10:00:30+08:00 ] 127.0.0.1 /index.php?g=Admin&m=Member&a=info&id=1
ERR: 1064:You have an error in your SQL syntax; check the manual that corresponds to your MySQL server version for the right syntax to use near ') LIMIT 1' at line 1
 [ SQL语句 ] : SELECT * FROM `cmf_member` WHERE ( pid= ) LIMIT 1  

[ 2016-03-26T10:03:16+08:00 ] 127.0.0.1 /index.php?g=Admin&m=Member&a=info&id=1
ERR: 1064:You have an error in your SQL syntax; check the manual that corresponds to your MySQL server version for the right syntax to use near ') LIMIT 1' at line 1
 [ SQL语句 ] : SELECT * FROM `cmf_member` WHERE ( pid= ) LIMIT 1  

[ 2016-03-26T11:12:17+08:00 ] 127.0.0.1 /index.php?g=Admin&m=Member&a=info&id=1
ERR: 1064:You have an error in your SQL syntax; check the manual that corresponds to your MySQL server version for the right syntax to use near ')' at line 1
 [ SQL语句 ] : SELECT * FROM `cmf_member` WHERE ( pid= ) 

[ 2016-03-26T11:15:47+08:00 ] 127.0.0.1 /index.php?g=Admin&m=Member&a=info&id=1
ERR: 1064:You have an error in your SQL syntax; check the manual that corresponds to your MySQL server version for the right syntax to use near ')' at line 1
 [ SQL语句 ] : SELECT * FROM `cmf_member` WHERE ( pid= ) 

[ 2016-03-26T11:16:30+08:00 ] 127.0.0.1 /index.php?g=Admin&m=Member&a=info&id=1
ERR: 1064:You have an error in your SQL syntax; check the manual that corresponds to your MySQL server version for the right syntax to use near ')' at line 1
 [ SQL语句 ] : SELECT * FROM `cmf_member` WHERE ( pid= ) 

[ 2016-03-26T11:39:28+08:00 ] 127.0.0.1 /index.php?g=Admin&m=Member&a=edit_post
INFO: [ app_begin ] --START--
INFO: Run Behavior\ReadHtmlCacheBehavior [ RunTime:0.000000s ]
INFO: Run Behavior\CheckLangBehavior [ RunTime:0.001000s ]
INFO: [ app_begin ] --END-- [ RunTime:0.001000s ]
SQL: SHOW COLUMNS FROM `cmf_users` [ RunTime:0.0020s ]
SQL: SELECT * FROM `cmf_users` WHERE ( id=1 ) LIMIT 1   [ RunTime:0.0010s ]
SQL: SHOW COLUMNS FROM `cmf_member` [ RunTime:0.0030s ]
NOTIC: [8] Undefined index: validate F:\web\thinkcmf-member\simplewind\Core\Library\Think\Model.class.php 第 1185 行.
NOTIC: [8] Undefined index: auto F:\web\thinkcmf-member\simplewind\Core\Library\Think\Model.class.php 第 1128 行.
NOTIC: [8] Undefined index: province F:\web\thinkcmf-member\application\Admin\Controller\MemberController.class.php 第 179 行.
NOTIC: [8] Undefined index: city F:\web\thinkcmf-member\application\Admin\Controller\MemberController.class.php 第 179 行.
SQL: UPDATE `cmf_member` SET `member_name`='safassdaf',`sex`='1',`age`='0',`mobile`='232352',`occupation`='',`area`='东城区',`weixin`='',`qq`='',`email`='',`pid`='4',`remark`='',`update_time`='1458963568',`handle_user`='admin' WHERE `id` = 12 [ RunTime:0.0010s ]
SQL: SELECT * FROM `cmf_member` WHERE ( id=12 ) LIMIT 1   [ RunTime:0.0000s ]
SQL: SELECT * FROM `cmf_member` WHERE ( id=4 ) LIMIT 1   [ RunTime:0.0010s ]
SQL: UPDATE `cmf_member` SET `relation`='0,1,3,4,12' WHERE ( id=12 ) [ RunTime:0.0000s ]
SQL: SHOW COLUMNS FROM `cmf_log` [ RunTime:0.0020s ]
SQL: INSERT INTO `cmf_log` (`handle_user`,`desc`,`create_time`) VALUES ('admin','更新会员信息，会员ID：12，状态：成功！','1458963568') [ RunTime:0.0000s ]

[ 2016-03-26T11:40:58+08:00 ] 127.0.0.1 /index.php?g=Admin&m=Member&a=edit_post
INFO: [ app_begin ] --START--
INFO: Run Behavior\ReadHtmlCacheBehavior [ RunTime:0.000000s ]
INFO: Run Behavior\CheckLangBehavior [ RunTime:0.001000s ]
INFO: [ app_begin ] --END-- [ RunTime:0.002000s ]
SQL: SHOW COLUMNS FROM `cmf_users` [ RunTime:0.0020s ]
SQL: SELECT * FROM `cmf_users` WHERE ( id=1 ) LIMIT 1   [ RunTime:0.0010s ]
SQL: SHOW COLUMNS FROM `cmf_member` [ RunTime:0.0020s ]
NOTIC: [8] Undefined index: validate F:\web\thinkcmf-member\simplewind\Core\Library\Think\Model.class.php 第 1185 行.
NOTIC: [8] Undefined index: auto F:\web\thinkcmf-member\simplewind\Core\Library\Think\Model.class.php 第 1128 行.
SQL: UPDATE `cmf_member` SET `member_name`='safassdaf',`sex`='1',`age`='0',`mobile`='232352',`occupation`='',`area`='东城区',`weixin`='',`qq`='',`email`='',`pid`='4',`remark`='',`update_time`='1458963658',`handle_user`='admin' WHERE `id` = 12 [ RunTime:0.0000s ]
SQL: SELECT * FROM `cmf_member` WHERE ( id=12 ) LIMIT 1   [ RunTime:0.0000s ]
SQL: SELECT * FROM `cmf_member` WHERE ( id=4 ) LIMIT 1   [ RunTime:0.0000s ]
SQL: UPDATE `cmf_member` SET `relation`='0,1,3,4,12' WHERE ( id=12 ) [ RunTime:0.0010s ]
SQL: SHOW COLUMNS FROM `cmf_log` [ RunTime:0.0010s ]
SQL: INSERT INTO `cmf_log` (`handle_user`,`desc`,`create_time`) VALUES ('admin','更新会员信息，会员ID：12，状态：成功！','1458963658') [ RunTime:0.0000s ]

[ 2016-03-26T11:41:24+08:00 ] 127.0.0.1 /index.php?g=Admin&m=Member&a=edit_post
INFO: [ app_begin ] --START--
INFO: Run Behavior\ReadHtmlCacheBehavior [ RunTime:0.000000s ]
INFO: Run Behavior\CheckLangBehavior [ RunTime:0.001000s ]
INFO: [ app_begin ] --END-- [ RunTime:0.002000s ]
SQL: SHOW COLUMNS FROM `cmf_users` [ RunTime:0.0020s ]
SQL: SELECT * FROM `cmf_users` WHERE ( id=1 ) LIMIT 1   [ RunTime:0.0010s ]
SQL: SHOW COLUMNS FROM `cmf_member` [ RunTime:0.0020s ]
NOTIC: [8] Undefined index: validate F:\web\thinkcmf-member\simplewind\Core\Library\Think\Model.class.php 第 1185 行.
NOTIC: [8] Undefined index: auto F:\web\thinkcmf-member\simplewind\Core\Library\Think\Model.class.php 第 1128 行.
SQL: UPDATE `cmf_member` SET `member_name`='safassdaf',`sex`='1',`age`='0',`mobile`='232352',`occupation`='',`area`='北京市,市辖区,东城区',`weixin`='',`qq`='',`email`='',`pid`='4',`remark`='',`update_time`='1458963684',`handle_user`='admin' WHERE `id` = 12 [ RunTime:0.0000s ]
SQL: SELECT * FROM `cmf_member` WHERE ( id=12 ) LIMIT 1   [ RunTime:0.0000s ]
SQL: SELECT * FROM `cmf_member` WHERE ( id=4 ) LIMIT 1   [ RunTime:0.0000s ]
SQL: UPDATE `cmf_member` SET `relation`='0,1,3,4,12' WHERE ( id=12 ) [ RunTime:0.0000s ]
SQL: SHOW COLUMNS FROM `cmf_log` [ RunTime:0.0010s ]
SQL: INSERT INTO `cmf_log` (`handle_user`,`desc`,`create_time`) VALUES ('admin','更新会员信息，会员ID：12，状态：成功！','1458963684') [ RunTime:0.0000s ]

[ 2016-03-26T17:31:12+08:00 ] 127.0.0.1 /index.php?g=Admin&m=Member&a=getAjaxMember&id=1
INFO: [ app_begin ] --START--
INFO: Run Behavior\ReadHtmlCacheBehavior [ RunTime:0.000000s ]
INFO: Run Behavior\CheckLangBehavior [ RunTime:0.001000s ]
INFO: [ app_begin ] --END-- [ RunTime:0.001000s ]
SQL: SHOW COLUMNS FROM `cmf_users` [ RunTime:0.0020s ]
SQL: SELECT * FROM `cmf_users` WHERE ( id=1 ) LIMIT 1   [ RunTime:0.0010s ]
SQL: SHOW COLUMNS FROM `cmf_member` [ RunTime:0.0020s ]
SQL: SELECT * FROM `cmf_member` WHERE ( id=1 ) LIMIT 1   [ RunTime:0.0010s ]

[ 2016-03-26T17:31:15+08:00 ] 127.0.0.1 /index.php?g=Admin&m=Member&a=add_post
INFO: [ app_begin ] --START--
INFO: Run Behavior\ReadHtmlCacheBehavior [ RunTime:0.000000s ]
INFO: Run Behavior\CheckLangBehavior [ RunTime:0.001000s ]
INFO: [ app_begin ] --END-- [ RunTime:0.001000s ]
SQL: SHOW COLUMNS FROM `cmf_users` [ RunTime:0.0020s ]
SQL: SELECT * FROM `cmf_users` WHERE ( id=1 ) LIMIT 1   [ RunTime:0.0000s ]
SQL: SHOW COLUMNS FROM `cmf_member` [ RunTime:0.0020s ]
NOTIC: [8] Undefined index: validate F:\web\thinkcmf-member\simplewind\Core\Library\Think\Model.class.php 第 1185 行.
SQL: SELECT * FROM `cmf_member` WHERE `mobile` = '23423523' LIMIT 1   [ RunTime:0.0000s ]
NOTIC: [8] Undefined index: auto F:\web\thinkcmf-member\simplewind\Core\Library\Think\Model.class.php 第 1128 行.
SQL: SELECT * FROM `cmf_member` WHERE ( id=1 ) LIMIT 1   [ RunTime:0.0010s ]
ERR: 1062:Duplicate entry '1' for key 'PRIMARY'
 [ SQL语句 ] : INSERT INTO `cmf_member` (`id`,`member_id`,`member_name`,`sex`,`age`,`mobile`,`occupation`,`area`,`weixin`,`qq`,`email`,`rank`,`old_rank`,`pid`,`p_member_name`,`zj_num`,`jj_num`,`pay_type`,`relation`,`remark`,`handle_user`,`create_time`,`update_time`) VALUES ('1','80000001','asfsadsadf','1','0','1','','','','','','3','1','0','asfsadsadf',NULL,NULL,NULL,'0,1','','admin','1458890559','1458890559')
ERR: 1062:Duplicate entry '1' for key 'PRIMARY'
 [ SQL语句 ] : INSERT INTO `cmf_member` (`id`,`member_id`,`member_name`,`sex`,`age`,`mobile`,`occupation`,`area`,`weixin`,`qq`,`email`,`rank`,`old_rank`,`pid`,`p_member_name`,`zj_num`,`jj_num`,`pay_type`,`relation`,`remark`,`handle_user`,`create_time`,`update_time`) VALUES ('1','80000001','asfsadsadf','1','0','1','','','','','','3','1','0','asfsadsadf',NULL,NULL,NULL,'0,1','','admin','1458890559','1458890559')

[ 2016-03-26T17:32:10+08:00 ] 127.0.0.1 /index.php?g=Admin&m=Member&a=getAjaxMember&id=1
INFO: [ app_begin ] --START--
INFO: Run Behavior\ReadHtmlCacheBehavior [ RunTime:0.001000s ]
INFO: Run Behavior\CheckLangBehavior [ RunTime:0.003000s ]
INFO: [ app_begin ] --END-- [ RunTime:0.004000s ]
SQL: SHOW COLUMNS FROM `cmf_users` [ RunTime:0.0020s ]
SQL: SELECT * FROM `cmf_users` WHERE ( id=1 ) LIMIT 1   [ RunTime:0.0010s ]
SQL: SHOW COLUMNS FROM `cmf_member` [ RunTime:0.0020s ]
SQL: SELECT * FROM `cmf_member` WHERE ( id=1 ) LIMIT 1   [ RunTime:0.0010s ]

[ 2016-03-26T21:05:37+08:00 ] 127.0.0.1 /index.php?g=Admin&m=public&a=dologin
INFO: [ app_begin ] --START--
INFO: Run Behavior\ReadHtmlCacheBehavior [ RunTime:0.001000s ]
INFO: Run Behavior\CheckLangBehavior [ RunTime:0.001000s ]
INFO: [ app_begin ] --END-- [ RunTime:0.024001s ]
SQL: SHOW COLUMNS FROM `cmf_users` [ RunTime:0.0220s ]
SQL: SELECT * FROM `cmf_users` WHERE `user_login` = 'admin' LIMIT 1   [ RunTime:0.0010s ]
SQL: SHOW COLUMNS FROM `cmf_role_user` [ RunTime:0.0040s ]
SQL: SELECT `role_id` FROM cmf_role_user a INNER JOIN cmf_role as b on a.role_id =b.id  WHERE `user_id` = '1' AND `status` = 1  [ RunTime:0.0010s ]
SQL: UPDATE `cmf_users` SET `user_login`='admin',`user_pass`='###e8fd9b876db9e39b1643eb29ab9559ec',`user_nicename`='admin',`user_email`='admin@localhost.com',`user_url`='',`avatar`=NULL,`sex`='0',`birthday`=NULL,`signature`=NULL,`last_login_ip`='127.0.0.1',`last_login_time`='2016-03-26 21:05:37',`create_time`='2016-03-18 05:14:43',`user_activation_key`='',`user_status`='1',`score`='0',`user_type`='1',`coin`='0',`mobile`='' WHERE `id` = '1' [ RunTime:0.0010s ]

