[ 2016-03-28T20:58:27+08:00 ] 127.0.0.1 /index.php?g=Admin&m=public&a=dologin
INFO: [ app_begin ] --START--
INFO: Run Behavior\ReadHtmlCacheBehavior [ RunTime:0.001000s ]
INFO: Run Behavior\CheckLangBehavior [ RunTime:0.001000s ]
INFO: [ app_begin ] --END-- [ RunTime:0.003000s ]
SQL: SHOW COLUMNS FROM `cmf_users` [ RunTime:0.0156s ]
SQL: SELECT * FROM `cmf_users` WHERE `user_login` = 'admin' LIMIT 1   [ RunTime:0.0000s ]
SQL: SHOW COLUMNS FROM `cmf_role_user` [ RunTime:0.0312s ]
SQL: SELECT `role_id` FROM cmf_role_user a INNER JOIN cmf_role as b on a.role_id =b.id  WHERE `user_id` = '1' AND `status` = 1  [ RunTime:0.0000s ]
SQL: UPDATE `cmf_users` SET `user_login`='admin',`user_pass`='###e8fd9b876db9e39b1643eb29ab9559ec',`user_nicename`='admin',`user_email`='admin@localhost.com',`user_url`='',`avatar`=NULL,`sex`='0',`birthday`=NULL,`signature`=NULL,`last_login_ip`='127.0.0.1',`last_login_time`='2016-03-28 20:58:27',`create_time`='2016-03-18 05:14:43',`user_activation_key`='',`user_status`='1',`score`='0',`user_type`='1',`coin`='0',`mobile`='' WHERE `id` = '1' [ RunTime:0.0000s ]

[ 2016-03-28T21:28:46+08:00 ] 127.0.0.1 /index.php?g=Admin&m=Member&a=getAjaxMember&id=12
INFO: [ app_begin ] --START--
INFO: Run Behavior\ReadHtmlCacheBehavior [ RunTime:0.001001s ]
INFO: Run Behavior\CheckLangBehavior [ RunTime:0.002000s ]
INFO: [ app_begin ] --END-- [ RunTime:0.003001s ]
SQL: SHOW COLUMNS FROM `cmf_users` [ RunTime:0.0000s ]
SQL: SELECT * FROM `cmf_users` WHERE ( id=1 ) LIMIT 1   [ RunTime:0.0000s ]
SQL: SHOW COLUMNS FROM `cmf_member` [ RunTime:0.0156s ]
SQL: SELECT * FROM `cmf_member` WHERE ( id=12 ) LIMIT 1   [ RunTime:0.0000s ]

[ 2016-03-28T21:28:49+08:00 ] 127.0.0.1 /index.php?g=Admin&m=Member&a=add_post
INFO: [ app_begin ] --START--
INFO: Run Behavior\ReadHtmlCacheBehavior [ RunTime:0.002001s ]
INFO: Run Behavior\CheckLangBehavior [ RunTime:0.002000s ]
INFO: [ app_begin ] --END-- [ RunTime:0.005001s ]
SQL: SHOW COLUMNS FROM `cmf_users` [ RunTime:0.0000s ]
SQL: SELECT * FROM `cmf_users` WHERE ( id=1 ) LIMIT 1   [ RunTime:0.0000s ]
SQL: SHOW COLUMNS FROM `cmf_member` [ RunTime:0.0000s ]
NOTIC: [8] Undefined index: validate D:\web\thinkcmf-member\simplewind\Core\Library\Think\Model.class.php 第 1185 行.
SQL: SELECT * FROM `cmf_member` WHERE `mobile` = '343253253532' LIMIT 1   [ RunTime:0.0000s ]
NOTIC: [8] Undefined index: auto D:\web\thinkcmf-member\simplewind\Core\Library\Think\Model.class.php 第 1128 行.
SQL: SELECT * FROM `cmf_member` WHERE ( id=12 ) LIMIT 1   [ RunTime:0.0000s ]
ERR: 1062:Duplicate entry '12' for key 'PRIMARY'
 [ SQL语句 ] : INSERT INTO `cmf_member` (`id`,`member_id`,`member_name`,`sex`,`age`,`mobile`,`occupation`,`area`,`weixin`,`qq`,`email`,`rank`,`old_rank`,`pid`,`zj_num`,`jj_num`,`pay_type`,`relation`,`remark`,`handle_user`,`create_time`,`update_time`) VALUES ('12','80000005','safassdaf','1','0','232352','','北京市,市辖区,东城区','','','','1','1','4',NULL,NULL,NULL,'0,1,3,4,12','','admin','1458890779','1458963684')
ERR: 1062:Duplicate entry '12' for key 'PRIMARY'
 [ SQL语句 ] : INSERT INTO `cmf_member` (`id`,`member_id`,`member_name`,`sex`,`age`,`mobile`,`occupation`,`area`,`weixin`,`qq`,`email`,`rank`,`old_rank`,`pid`,`zj_num`,`jj_num`,`pay_type`,`relation`,`remark`,`handle_user`,`create_time`,`update_time`) VALUES ('12','80000005','safassdaf','1','0','232352','','北京市,市辖区,东城区','','','','1','1','4',NULL,NULL,NULL,'0,1,3,4,12','','admin','1458890779','1458963684')

[ 2016-03-28T21:30:46+08:00 ] 127.0.0.1 /index.php?g=Admin&m=Member&a=getAjaxMember&id=12
INFO: [ app_begin ] --START--
INFO: Run Behavior\ReadHtmlCacheBehavior [ RunTime:0.001000s ]
INFO: Run Behavior\CheckLangBehavior [ RunTime:0.002001s ]
INFO: [ app_begin ] --END-- [ RunTime:0.005001s ]
SQL: SHOW COLUMNS FROM `cmf_users` [ RunTime:0.0050s ]
SQL: SELECT * FROM `cmf_users` WHERE ( id=1 ) LIMIT 1   [ RunTime:0.0000s ]
SQL: SHOW COLUMNS FROM `cmf_member` [ RunTime:0.0050s ]
SQL: SELECT * FROM `cmf_member` WHERE ( id=12 ) LIMIT 1   [ RunTime:0.0010s ]

[ 2016-03-28T21:30:51+08:00 ] 127.0.0.1 /index.php?g=Admin&m=Member&a=add_post
INFO: [ app_begin ] --START--
INFO: Run Behavior\ReadHtmlCacheBehavior [ RunTime:0.001000s ]
INFO: Run Behavior\CheckLangBehavior [ RunTime:0.001000s ]
INFO: [ app_begin ] --END-- [ RunTime:0.003000s ]
SQL: SHOW COLUMNS FROM `cmf_users` [ RunTime:0.0050s ]
SQL: SELECT * FROM `cmf_users` WHERE ( id=1 ) LIMIT 1   [ RunTime:0.0010s ]
SQL: SHOW COLUMNS FROM `cmf_member` [ RunTime:0.0050s ]
NOTIC: [8] Undefined index: validate D:\web\thinkcmf-member\simplewind\Core\Library\Think\Model.class.php 第 1185 行.
SQL: SELECT * FROM `cmf_member` WHERE `mobile` = '23323232' LIMIT 1   [ RunTime:0.0010s ]
NOTIC: [8] Undefined index: auto D:\web\thinkcmf-member\simplewind\Core\Library\Think\Model.class.php 第 1128 行.
SQL: SELECT * FROM `cmf_member` WHERE ( id=12 ) LIMIT 1   [ RunTime:0.0010s ]
ERR: 1062:Duplicate entry '12' for key 'PRIMARY'
 [ SQL语句 ] : INSERT INTO `cmf_member` (`id`,`member_id`,`member_name`,`sex`,`age`,`mobile`,`occupation`,`area`,`weixin`,`qq`,`email`,`rank`,`old_rank`,`pid`,`pay_type`,`relation`,`remark`,`handle_user`,`create_time`,`update_time`) VALUES ('12','80000005','safassdaf','1','0','232352','','北京市,市辖区,东城区','','','','1','1','4',NULL,'0,1,3,4,12','','admin','1458890779','1458963684')
ERR: 1062:Duplicate entry '12' for key 'PRIMARY'
 [ SQL语句 ] : INSERT INTO `cmf_member` (`id`,`member_id`,`member_name`,`sex`,`age`,`mobile`,`occupation`,`area`,`weixin`,`qq`,`email`,`rank`,`old_rank`,`pid`,`pay_type`,`relation`,`remark`,`handle_user`,`create_time`,`update_time`) VALUES ('12','80000005','safassdaf','1','0','232352','','北京市,市辖区,东城区','','','','1','1','4',NULL,'0,1,3,4,12','','admin','1458890779','1458963684')

[ 2016-03-28T21:32:12+08:00 ] 127.0.0.1 /index.php?g=Admin&m=Member&a=add_post
INFO: [ app_begin ] --START--
INFO: Run Behavior\ReadHtmlCacheBehavior [ RunTime:0.000000s ]
INFO: Run Behavior\CheckLangBehavior [ RunTime:0.002000s ]
INFO: [ app_begin ] --END-- [ RunTime:0.003000s ]
SQL: SHOW COLUMNS FROM `cmf_users` [ RunTime:0.0050s ]
SQL: SELECT * FROM `cmf_users` WHERE ( id=1 ) LIMIT 1   [ RunTime:0.0000s ]
SQL: SHOW COLUMNS FROM `cmf_member` [ RunTime:0.0040s ]
NOTIC: [8] Undefined index: validate D:\web\thinkcmf-member\simplewind\Core\Library\Think\Model.class.php 第 1185 行.
SQL: SELECT * FROM `cmf_member` WHERE `mobile` = '1211' LIMIT 1   [ RunTime:0.0000s ]
NOTIC: [8] Undefined index: auto D:\web\thinkcmf-member\simplewind\Core\Library\Think\Model.class.php 第 1128 行.
ERR: 1064:You have an error in your SQL syntax; check the manual that corresponds to your MySQL server version for the right syntax to use near ') LIMIT 1' at line 1
 [ SQL语句 ] : SELECT * FROM `cmf_member` WHERE ( id= ) LIMIT 1  
ERR: 1064:You have an error in your SQL syntax; check the manual that corresponds to your MySQL server version for the right syntax to use near ') LIMIT 1' at line 1
 [ SQL语句 ] : SELECT * FROM `cmf_member` WHERE ( id= ) LIMIT 1  

[ 2016-03-28T21:34:57+08:00 ] 127.0.0.1 /index.php?g=Admin&m=Member&a=add_post
INFO: [ app_begin ] --START--
INFO: Run Behavior\ReadHtmlCacheBehavior [ RunTime:0.004000s ]
INFO: Run Behavior\CheckLangBehavior [ RunTime:0.002000s ]
INFO: [ app_begin ] --END-- [ RunTime:0.007000s ]
SQL: SHOW COLUMNS FROM `cmf_users` [ RunTime:0.0050s ]
SQL: SELECT * FROM `cmf_users` WHERE ( id=1 ) LIMIT 1   [ RunTime:0.0000s ]
SQL: SHOW COLUMNS FROM `cmf_member` [ RunTime:0.0050s ]
NOTIC: [8] Undefined index: validate D:\web\thinkcmf-member\simplewind\Core\Library\Think\Model.class.php 第 1185 行.
SQL: SELECT * FROM `cmf_member` WHERE `mobile` = '2323' LIMIT 1   [ RunTime:0.0000s ]
NOTIC: [8] Undefined index: auto D:\web\thinkcmf-member\simplewind\Core\Library\Think\Model.class.php 第 1128 行.
ERR: 1064:You have an error in your SQL syntax; check the manual that corresponds to your MySQL server version for the right syntax to use near ') LIMIT 1' at line 1
 [ SQL语句 ] : SELECT * FROM `cmf_member` WHERE ( id= ) LIMIT 1  
ERR: 1064:You have an error in your SQL syntax; check the manual that corresponds to your MySQL server version for the right syntax to use near ') LIMIT 1' at line 1
 [ SQL语句 ] : SELECT * FROM `cmf_member` WHERE ( id= ) LIMIT 1  

[ 2016-03-28T21:37:06+08:00 ] 127.0.0.1 /index.php?g=Admin&m=Member&a=add_post
INFO: [ app_begin ] --START--
INFO: Run Behavior\ReadHtmlCacheBehavior [ RunTime:0.001000s ]
INFO: Run Behavior\CheckLangBehavior [ RunTime:0.002000s ]
INFO: [ app_begin ] --END-- [ RunTime:0.004000s ]
SQL: SHOW COLUMNS FROM `cmf_users` [ RunTime:0.0050s ]
SQL: SELECT * FROM `cmf_users` WHERE ( id=1 ) LIMIT 1   [ RunTime:0.0000s ]
SQL: SHOW COLUMNS FROM `cmf_member` [ RunTime:0.0070s ]
NOTIC: [8] Undefined index: validate D:\web\thinkcmf-member\simplewind\Core\Library\Think\Model.class.php 第 1185 行.
SQL: SELECT * FROM `cmf_member` WHERE `mobile` = '1' LIMIT 1   [ RunTime:0.0000s ]
NOTIC: [8] Undefined index: auto D:\web\thinkcmf-member\simplewind\Core\Library\Think\Model.class.php 第 1128 行.
ERR: 1064:You have an error in your SQL syntax; check the manual that corresponds to your MySQL server version for the right syntax to use near ') LIMIT 1' at line 1
 [ SQL语句 ] : SELECT * FROM `cmf_member` WHERE ( id= ) LIMIT 1  
ERR: 1064:You have an error in your SQL syntax; check the manual that corresponds to your MySQL server version for the right syntax to use near ') LIMIT 1' at line 1
 [ SQL语句 ] : SELECT * FROM `cmf_member` WHERE ( id= ) LIMIT 1  

[ 2016-03-28T21:38:11+08:00 ] 127.0.0.1 /index.php?g=Admin&m=Member&a=add_post
INFO: [ app_begin ] --START--
INFO: Run Behavior\ReadHtmlCacheBehavior [ RunTime:0.001000s ]
INFO: Run Behavior\CheckLangBehavior [ RunTime:0.002000s ]
INFO: [ app_begin ] --END-- [ RunTime:0.004000s ]
SQL: SHOW COLUMNS FROM `cmf_users` [ RunTime:0.0050s ]
SQL: SELECT * FROM `cmf_users` WHERE ( id=1 ) LIMIT 1   [ RunTime:0.0000s ]
SQL: SHOW COLUMNS FROM `cmf_member` [ RunTime:0.0040s ]
NOTIC: [8] Undefined index: validate D:\web\thinkcmf-member\simplewind\Core\Library\Think\Model.class.php 第 1185 行.
SQL: SELECT * FROM `cmf_member` WHERE `mobile` = '11' LIMIT 1   [ RunTime:0.0000s ]
NOTIC: [8] Undefined index: auto D:\web\thinkcmf-member\simplewind\Core\Library\Think\Model.class.php 第 1128 行.
ERR: 1064:You have an error in your SQL syntax; check the manual that corresponds to your MySQL server version for the right syntax to use near ') LIMIT 1' at line 1
 [ SQL语句 ] : SELECT * FROM `cmf_member` WHERE ( id= ) LIMIT 1  
ERR: 1064:You have an error in your SQL syntax; check the manual that corresponds to your MySQL server version for the right syntax to use near ') LIMIT 1' at line 1
 [ SQL语句 ] : SELECT * FROM `cmf_member` WHERE ( id= ) LIMIT 1  

[ 2016-03-28T21:42:23+08:00 ] 127.0.0.1 /index.php?g=Admin&m=Member&a=add_post
INFO: [ app_begin ] --START--
INFO: Run Behavior\ReadHtmlCacheBehavior [ RunTime:0.001000s ]
INFO: Run Behavior\CheckLangBehavior [ RunTime:0.002000s ]
INFO: [ app_begin ] --END-- [ RunTime:0.003000s ]
SQL: SHOW COLUMNS FROM `cmf_users` [ RunTime:0.0060s ]
SQL: SELECT * FROM `cmf_users` WHERE ( id=1 ) LIMIT 1   [ RunTime:0.0010s ]
SQL: SHOW COLUMNS FROM `cmf_member` [ RunTime:0.0050s ]
NOTIC: [8] Undefined index: validate D:\web\thinkcmf-member\simplewind\Core\Library\Think\Model.class.php 第 1185 行.
SQL: SELECT * FROM `cmf_member` WHERE `mobile` = '1' LIMIT 1   [ RunTime:0.0000s ]
NOTIC: [8] Undefined index: auto D:\web\thinkcmf-member\simplewind\Core\Library\Think\Model.class.php 第 1128 行.
ERR: 1064:You have an error in your SQL syntax; check the manual that corresponds to your MySQL server version for the right syntax to use near ') LIMIT 1' at line 1
 [ SQL语句 ] : SELECT * FROM `cmf_member` WHERE ( id= ) LIMIT 1  
ERR: 1064:You have an error in your SQL syntax; check the manual that corresponds to your MySQL server version for the right syntax to use near ') LIMIT 1' at line 1
 [ SQL语句 ] : SELECT * FROM `cmf_member` WHERE ( id= ) LIMIT 1  

[ 2016-03-28T21:49:15+08:00 ] 127.0.0.1 /index.php?g=Admin&m=Member&a=add_post
INFO: [ app_begin ] --START--
INFO: Run Behavior\ReadHtmlCacheBehavior [ RunTime:0.001000s ]
INFO: Run Behavior\CheckLangBehavior [ RunTime:0.002000s ]
INFO: [ app_begin ] --END-- [ RunTime:0.003000s ]
SQL: SHOW COLUMNS FROM `cmf_users` [ RunTime:0.0060s ]
SQL: SELECT * FROM `cmf_users` WHERE ( id=1 ) LIMIT 1   [ RunTime:0.0010s ]
SQL: SHOW COLUMNS FROM `cmf_member` [ RunTime:0.0060s ]
NOTIC: [8] Undefined index: validate D:\web\thinkcmf-member\simplewind\Core\Library\Think\Model.class.php 第 1185 行.
SQL: SELECT * FROM `cmf_member` WHERE `mobile` = '1' LIMIT 1   [ RunTime:0.0010s ]
NOTIC: [8] Undefined index: auto D:\web\thinkcmf-member\simplewind\Core\Library\Think\Model.class.php 第 1128 行.
ERR: 1064:You have an error in your SQL syntax; check the manual that corresponds to your MySQL server version for the right syntax to use near ') LIMIT 1' at line 1
 [ SQL语句 ] : SELECT * FROM `cmf_member` WHERE ( id= ) LIMIT 1  
ERR: 1064:You have an error in your SQL syntax; check the manual that corresponds to your MySQL server version for the right syntax to use near ') LIMIT 1' at line 1
 [ SQL语句 ] : SELECT * FROM `cmf_member` WHERE ( id= ) LIMIT 1  

[ 2016-03-28T21:50:39+08:00 ] 127.0.0.1 /index.php?g=Admin&m=Member&a=add_post
INFO: [ app_begin ] --START--
INFO: Run Behavior\ReadHtmlCacheBehavior [ RunTime:0.001000s ]
INFO: Run Behavior\CheckLangBehavior [ RunTime:0.002000s ]
INFO: [ app_begin ] --END-- [ RunTime:0.004000s ]
SQL: SHOW COLUMNS FROM `cmf_users` [ RunTime:0.0050s ]
SQL: SELECT * FROM `cmf_users` WHERE ( id=1 ) LIMIT 1   [ RunTime:0.0010s ]
SQL: SHOW COLUMNS FROM `cmf_member` [ RunTime:0.0050s ]
NOTIC: [8] Undefined index: validate D:\web\thinkcmf-member\simplewind\Core\Library\Think\Model.class.php 第 1185 行.
SQL: SELECT * FROM `cmf_member` WHERE `mobile` = '1' LIMIT 1   [ RunTime:0.0010s ]
NOTIC: [8] Undefined index: auto D:\web\thinkcmf-member\simplewind\Core\Library\Think\Model.class.php 第 1128 行.
SQL: INSERT INTO `cmf_member` (`member_name`,`sex`,`age`,`mobile`,`occupation`,`area`,`weixin`,`qq`,`email`,`rank`,`pid`,`remark`,`create_time`,`update_time`,`old_rank`,`handle_user`) VALUES ('test','1','0','1','',',,','','','','1','0','','1459173039','1459173039','1','admin') [ RunTime:0.0000s ]
SQL: UPDATE `cmf_member` SET `member_id`='80000001' WHERE ( id=1 ) [ RunTime:0.0000s ]
SQL: SELECT * FROM `cmf_member` WHERE ( id=1 ) LIMIT 1   [ RunTime:0.0000s ]
SQL: UPDATE `cmf_member` SET `relation`='0,1' WHERE ( id=1 ) [ RunTime:0.0010s ]
SQL: SHOW COLUMNS FROM `cmf_log` [ RunTime:0.0050s ]
SQL: INSERT INTO `cmf_log` (`handle_user`,`desc`,`create_time`) VALUES ('admin','添加会员，会员ID：1，状态：成功！','1459173039') [ RunTime:0.0900s ]

[ 2016-03-28T21:50:52+08:00 ] 127.0.0.1 /index.php?g=Admin&m=Member&a=getAjaxMember&id=1
INFO: [ app_begin ] --START--
INFO: Run Behavior\ReadHtmlCacheBehavior [ RunTime:0.001000s ]
INFO: Run Behavior\CheckLangBehavior [ RunTime:0.001000s ]
INFO: [ app_begin ] --END-- [ RunTime:0.005000s ]
SQL: SHOW COLUMNS FROM `cmf_users` [ RunTime:0.0050s ]
SQL: SELECT * FROM `cmf_users` WHERE ( id=1 ) LIMIT 1   [ RunTime:0.0010s ]
SQL: SHOW COLUMNS FROM `cmf_member` [ RunTime:0.0050s ]
SQL: SELECT * FROM `cmf_member` WHERE ( id=1 ) LIMIT 1   [ RunTime:0.0000s ]

[ 2016-03-28T21:50:53+08:00 ] 127.0.0.1 /index.php?g=Admin&m=Member&a=add_post
INFO: [ app_begin ] --START--
INFO: Run Behavior\ReadHtmlCacheBehavior [ RunTime:0.001000s ]
INFO: Run Behavior\CheckLangBehavior [ RunTime:0.002000s ]
INFO: [ app_begin ] --END-- [ RunTime:0.004000s ]
SQL: SHOW COLUMNS FROM `cmf_users` [ RunTime:0.0060s ]
SQL: SELECT * FROM `cmf_users` WHERE ( id=1 ) LIMIT 1   [ RunTime:0.0010s ]
SQL: SHOW COLUMNS FROM `cmf_member` [ RunTime:0.0050s ]
NOTIC: [8] Undefined index: validate D:\web\thinkcmf-member\simplewind\Core\Library\Think\Model.class.php 第 1185 行.
SQL: SELECT * FROM `cmf_member` WHERE `mobile` = '2' LIMIT 1   [ RunTime:0.0010s ]
NOTIC: [8] Undefined index: auto D:\web\thinkcmf-member\simplewind\Core\Library\Think\Model.class.php 第 1128 行.
SQL: INSERT INTO `cmf_member` (`member_name`,`sex`,`age`,`mobile`,`occupation`,`area`,`weixin`,`qq`,`email`,`rank`,`pid`,`remark`,`create_time`,`update_time`,`old_rank`,`handle_user`) VALUES ('as','1','0','2','',',,','','','','1','1','','1459173053','1459173053','1','admin') [ RunTime:0.0000s ]
SQL: UPDATE `cmf_member` SET `member_id`='80000002' WHERE ( id=2 ) [ RunTime:0.0000s ]
SQL: SELECT * FROM `cmf_member` WHERE ( id=2 ) LIMIT 1   [ RunTime:0.0000s ]
SQL: SELECT * FROM `cmf_member` WHERE ( id=1 ) LIMIT 1   [ RunTime:0.0000s ]
SQL: UPDATE `cmf_member` SET `relation`='0,1,2' WHERE ( id=2 ) [ RunTime:0.0010s ]
SQL: SELECT COUNT(*) AS tp_count FROM `cmf_member` WHERE `pid` = '1' LIMIT 1   [ RunTime:0.0000s ]
SQL: SELECT COUNT(*) AS tp_count FROM `cmf_member` WHERE `pid` = '1' LIMIT 1   [ RunTime:0.0010s ]
SQL: SELECT COUNT(*) AS tp_count FROM `cmf_member` WHERE `relation` LIKE '%1,%' LIMIT 1   [ RunTime:0.0000s ]
SQL: SELECT * FROM `cmf_member` WHERE ( id=1 ) LIMIT 1   [ RunTime:0.0000s ]
SQL: SHOW COLUMNS FROM `cmf_log` [ RunTime:0.0040s ]
SQL: INSERT INTO `cmf_log` (`handle_user`,`desc`,`create_time`) VALUES ('admin','添加会员，会员ID：2，状态：成功！','1459173053') [ RunTime:0.0000s ]

[ 2016-03-28T21:51:09+08:00 ] 127.0.0.1 /index.php?g=Admin&m=Member&a=getAjaxMember&id=2
INFO: [ app_begin ] --START--
INFO: Run Behavior\ReadHtmlCacheBehavior [ RunTime:0.002000s ]
INFO: Run Behavior\CheckLangBehavior [ RunTime:0.003001s ]
INFO: [ app_begin ] --END-- [ RunTime:0.006001s ]
SQL: SHOW COLUMNS FROM `cmf_users` [ RunTime:0.0050s ]
SQL: SELECT * FROM `cmf_users` WHERE ( id=1 ) LIMIT 1   [ RunTime:0.0010s ]
SQL: SHOW COLUMNS FROM `cmf_member` [ RunTime:0.0050s ]
SQL: SELECT * FROM `cmf_member` WHERE ( id=2 ) LIMIT 1   [ RunTime:0.0000s ]

[ 2016-03-28T21:51:11+08:00 ] 127.0.0.1 /index.php?g=Admin&m=Member&a=add_post
INFO: [ app_begin ] --START--
INFO: Run Behavior\ReadHtmlCacheBehavior [ RunTime:0.001000s ]
INFO: Run Behavior\CheckLangBehavior [ RunTime:0.002000s ]
INFO: [ app_begin ] --END-- [ RunTime:0.003000s ]
SQL: SHOW COLUMNS FROM `cmf_users` [ RunTime:0.0050s ]
SQL: SELECT * FROM `cmf_users` WHERE ( id=1 ) LIMIT 1   [ RunTime:0.0000s ]
SQL: SHOW COLUMNS FROM `cmf_member` [ RunTime:0.0050s ]
NOTIC: [8] Undefined index: validate D:\web\thinkcmf-member\simplewind\Core\Library\Think\Model.class.php 第 1185 行.
SQL: SELECT * FROM `cmf_member` WHERE `mobile` = '3' LIMIT 1   [ RunTime:0.0010s ]
NOTIC: [8] Undefined index: auto D:\web\thinkcmf-member\simplewind\Core\Library\Think\Model.class.php 第 1128 行.
SQL: INSERT INTO `cmf_member` (`member_name`,`sex`,`age`,`mobile`,`occupation`,`area`,`weixin`,`qq`,`email`,`rank`,`pid`,`remark`,`create_time`,`update_time`,`old_rank`,`handle_user`) VALUES ('asd','1','0','3','',',,','','','','1','2','','1459173071','1459173071','1','admin') [ RunTime:0.0010s ]
SQL: UPDATE `cmf_member` SET `member_id`='80000003' WHERE ( id=3 ) [ RunTime:0.0000s ]
SQL: SELECT * FROM `cmf_member` WHERE ( id=3 ) LIMIT 1   [ RunTime:0.0000s ]
SQL: SELECT * FROM `cmf_member` WHERE ( id=2 ) LIMIT 1   [ RunTime:0.0010s ]
SQL: UPDATE `cmf_member` SET `relation`='0,1,2,3' WHERE ( id=3 ) [ RunTime:0.0000s ]
SQL: SELECT COUNT(*) AS tp_count FROM `cmf_member` WHERE `pid` = '1' LIMIT 1   [ RunTime:0.0010s ]
SQL: SELECT COUNT(*) AS tp_count FROM `cmf_member` WHERE `pid` = '1' LIMIT 1   [ RunTime:0.0000s ]
SQL: SELECT COUNT(*) AS tp_count FROM `cmf_member` WHERE `relation` LIKE '%1,%' LIMIT 1   [ RunTime:0.0010s ]
SQL: SELECT COUNT(*) AS tp_count FROM `cmf_member` WHERE `pid` = '2' LIMIT 1   [ RunTime:0.0000s ]
SQL: SELECT COUNT(*) AS tp_count FROM `cmf_member` WHERE `pid` = '2' LIMIT 1   [ RunTime:0.0010s ]
SQL: SELECT COUNT(*) AS tp_count FROM `cmf_member` WHERE `relation` LIKE '%2,%' LIMIT 1   [ RunTime:0.0000s ]
SQL: SELECT * FROM `cmf_member` WHERE ( id=1 ) LIMIT 1   [ RunTime:0.0010s ]
SQL: SELECT * FROM `cmf_member` WHERE ( id=2 ) LIMIT 1   [ RunTime:0.0000s ]
SQL: SHOW COLUMNS FROM `cmf_log` [ RunTime:0.0050s ]
SQL: INSERT INTO `cmf_log` (`handle_user`,`desc`,`create_time`) VALUES ('admin','添加会员，会员ID：3，状态：成功！','1459173071') [ RunTime:0.0010s ]

[ 2016-03-28T21:51:25+08:00 ] 127.0.0.1 /index.php?g=Admin&m=Member&a=getAjaxMember&id=3
INFO: [ app_begin ] --START--
INFO: Run Behavior\ReadHtmlCacheBehavior [ RunTime:0.001000s ]
INFO: Run Behavior\CheckLangBehavior [ RunTime:0.003000s ]
INFO: [ app_begin ] --END-- [ RunTime:0.005000s ]
SQL: SHOW COLUMNS FROM `cmf_users` [ RunTime:0.0050s ]
SQL: SELECT * FROM `cmf_users` WHERE ( id=1 ) LIMIT 1   [ RunTime:0.0000s ]
SQL: SHOW COLUMNS FROM `cmf_member` [ RunTime:0.0050s ]
SQL: SELECT * FROM `cmf_member` WHERE ( id=3 ) LIMIT 1   [ RunTime:0.0000s ]

[ 2016-03-28T21:51:27+08:00 ] 127.0.0.1 /index.php?g=Admin&m=Member&a=add_post
INFO: [ app_begin ] --START--
INFO: Run Behavior\ReadHtmlCacheBehavior [ RunTime:0.001000s ]
INFO: Run Behavior\CheckLangBehavior [ RunTime:0.001000s ]
INFO: [ app_begin ] --END-- [ RunTime:0.002000s ]
SQL: SHOW COLUMNS FROM `cmf_users` [ RunTime:0.0050s ]
SQL: SELECT * FROM `cmf_users` WHERE ( id=1 ) LIMIT 1   [ RunTime:0.0000s ]
SQL: SHOW COLUMNS FROM `cmf_member` [ RunTime:0.0050s ]
NOTIC: [8] Undefined index: validate D:\web\thinkcmf-member\simplewind\Core\Library\Think\Model.class.php 第 1185 行.
SQL: SELECT * FROM `cmf_member` WHERE `mobile` = '4' LIMIT 1   [ RunTime:0.0010s ]
NOTIC: [8] Undefined index: auto D:\web\thinkcmf-member\simplewind\Core\Library\Think\Model.class.php 第 1128 行.
SQL: INSERT INTO `cmf_member` (`member_name`,`sex`,`age`,`mobile`,`occupation`,`area`,`weixin`,`qq`,`email`,`rank`,`pid`,`remark`,`create_time`,`update_time`,`old_rank`,`handle_user`) VALUES ('assadf','1','0','4','',',,','','','','1','3','','1459173087','1459173087','1','admin') [ RunTime:0.0000s ]
SQL: UPDATE `cmf_member` SET `member_id`='80000004' WHERE ( id=4 ) [ RunTime:0.0010s ]
SQL: SELECT * FROM `cmf_member` WHERE ( id=4 ) LIMIT 1   [ RunTime:0.0000s ]
SQL: SELECT * FROM `cmf_member` WHERE ( id=3 ) LIMIT 1   [ RunTime:0.0000s ]
SQL: UPDATE `cmf_member` SET `relation`='0,1,2,3,4' WHERE ( id=4 ) [ RunTime:0.0000s ]
SQL: SELECT COUNT(*) AS tp_count FROM `cmf_member` WHERE `pid` = '1' LIMIT 1   [ RunTime:0.0000s ]
SQL: SELECT COUNT(*) AS tp_count FROM `cmf_member` WHERE `pid` = '1' LIMIT 1   [ RunTime:0.0010s ]
SQL: SELECT COUNT(*) AS tp_count FROM `cmf_member` WHERE `relation` LIKE '%1,%' LIMIT 1   [ RunTime:0.0000s ]
SQL: SELECT COUNT(*) AS tp_count FROM `cmf_member` WHERE `pid` = '2' LIMIT 1   [ RunTime:0.0010s ]
SQL: SELECT COUNT(*) AS tp_count FROM `cmf_member` WHERE `pid` = '2' LIMIT 1   [ RunTime:0.0000s ]
SQL: SELECT COUNT(*) AS tp_count FROM `cmf_member` WHERE `relation` LIKE '%2,%' LIMIT 1   [ RunTime:0.0000s ]
SQL: SELECT COUNT(*) AS tp_count FROM `cmf_member` WHERE `pid` = '3' LIMIT 1   [ RunTime:0.0000s ]
SQL: SELECT COUNT(*) AS tp_count FROM `cmf_member` WHERE `pid` = '3' LIMIT 1   [ RunTime:0.0000s ]
SQL: SELECT COUNT(*) AS tp_count FROM `cmf_member` WHERE `relation` LIKE '%3,%' LIMIT 1   [ RunTime:0.0000s ]
SQL: SELECT * FROM `cmf_member` WHERE ( id=1 ) LIMIT 1   [ RunTime:0.0000s ]
SQL: SELECT * FROM `cmf_member` WHERE ( id=2 ) LIMIT 1   [ RunTime:0.0000s ]
SQL: SELECT * FROM `cmf_member` WHERE ( id=3 ) LIMIT 1   [ RunTime:0.0010s ]
SQL: SHOW COLUMNS FROM `cmf_log` [ RunTime:0.0040s ]
SQL: INSERT INTO `cmf_log` (`handle_user`,`desc`,`create_time`) VALUES ('admin','添加会员，会员ID：4，状态：成功！','1459173087') [ RunTime:0.0000s ]

[ 2016-03-28T21:51:44+08:00 ] 127.0.0.1 /index.php?g=Admin&m=Member&a=getAjaxMember&id=4
INFO: [ app_begin ] --START--
INFO: Run Behavior\ReadHtmlCacheBehavior [ RunTime:0.001000s ]
INFO: Run Behavior\CheckLangBehavior [ RunTime:0.003000s ]
INFO: [ app_begin ] --END-- [ RunTime:0.004000s ]
SQL: SHOW COLUMNS FROM `cmf_users` [ RunTime:0.0050s ]
SQL: SELECT * FROM `cmf_users` WHERE ( id=1 ) LIMIT 1   [ RunTime:0.0010s ]
SQL: SHOW COLUMNS FROM `cmf_member` [ RunTime:0.0040s ]
SQL: SELECT * FROM `cmf_member` WHERE ( id=4 ) LIMIT 1   [ RunTime:0.0010s ]

[ 2016-03-28T21:51:45+08:00 ] 127.0.0.1 /index.php?g=Admin&m=Member&a=add_post
INFO: [ app_begin ] --START--
INFO: Run Behavior\ReadHtmlCacheBehavior [ RunTime:0.001000s ]
INFO: Run Behavior\CheckLangBehavior [ RunTime:0.001000s ]
INFO: [ app_begin ] --END-- [ RunTime:0.002000s ]
SQL: SHOW COLUMNS FROM `cmf_users` [ RunTime:0.0050s ]
SQL: SELECT * FROM `cmf_users` WHERE ( id=1 ) LIMIT 1   [ RunTime:0.0010s ]
SQL: SHOW COLUMNS FROM `cmf_member` [ RunTime:0.0050s ]
NOTIC: [8] Undefined index: validate D:\web\thinkcmf-member\simplewind\Core\Library\Think\Model.class.php 第 1185 行.
SQL: SELECT * FROM `cmf_member` WHERE `mobile` = '2332' LIMIT 1   [ RunTime:0.0000s ]
NOTIC: [8] Undefined index: auto D:\web\thinkcmf-member\simplewind\Core\Library\Think\Model.class.php 第 1128 行.
SQL: INSERT INTO `cmf_member` (`member_name`,`sex`,`age`,`mobile`,`occupation`,`area`,`weixin`,`qq`,`email`,`rank`,`pid`,`remark`,`create_time`,`update_time`,`old_rank`,`handle_user`) VALUES ('assaas','1','0','2332','',',,','','','','1','4','','1459173105','1459173105','1','admin') [ RunTime:0.0010s ]
SQL: UPDATE `cmf_member` SET `member_id`='80000005' WHERE ( id=5 ) [ RunTime:0.0000s ]
SQL: SELECT * FROM `cmf_member` WHERE ( id=5 ) LIMIT 1   [ RunTime:0.0010s ]
SQL: SELECT * FROM `cmf_member` WHERE ( id=4 ) LIMIT 1   [ RunTime:0.0000s ]
SQL: UPDATE `cmf_member` SET `relation`='0,1,2,3,4,5' WHERE ( id=5 ) [ RunTime:0.0000s ]
SQL: SELECT COUNT(*) AS tp_count FROM `cmf_member` WHERE `pid` = '1' LIMIT 1   [ RunTime:0.0000s ]
SQL: SELECT COUNT(*) AS tp_count FROM `cmf_member` WHERE `pid` = '1' LIMIT 1   [ RunTime:0.0000s ]
SQL: SELECT COUNT(*) AS tp_count FROM `cmf_member` WHERE `relation` LIKE '%1,%' LIMIT 1   [ RunTime:0.0000s ]
SQL: SELECT COUNT(*) AS tp_count FROM `cmf_member` WHERE `pid` = '2' LIMIT 1   [ RunTime:0.0000s ]
SQL: SELECT COUNT(*) AS tp_count FROM `cmf_member` WHERE `pid` = '2' LIMIT 1   [ RunTime:0.0000s ]
SQL: SELECT COUNT(*) AS tp_count FROM `cmf_member` WHERE `relation` LIKE '%2,%' LIMIT 1   [ RunTime:0.0000s ]
SQL: SELECT COUNT(*) AS tp_count FROM `cmf_member` WHERE `pid` = '3' LIMIT 1   [ RunTime:0.0000s ]
SQL: SELECT COUNT(*) AS tp_count FROM `cmf_member` WHERE `pid` = '3' LIMIT 1   [ RunTime:0.0000s ]
SQL: SELECT COUNT(*) AS tp_count FROM `cmf_member` WHERE `relation` LIKE '%3,%' LIMIT 1   [ RunTime:0.0000s ]
SQL: SELECT COUNT(*) AS tp_count FROM `cmf_member` WHERE `pid` = '4' LIMIT 1   [ RunTime:0.0000s ]
SQL: SELECT COUNT(*) AS tp_count FROM `cmf_member` WHERE `pid` = '4' LIMIT 1   [ RunTime:0.0000s ]
SQL: SELECT COUNT(*) AS tp_count FROM `cmf_member` WHERE `relation` LIKE '%4,%' LIMIT 1   [ RunTime:0.0010s ]
SQL: SELECT * FROM `cmf_member` WHERE ( id=1 ) LIMIT 1   [ RunTime:0.0000s ]
SQL: SELECT * FROM `cmf_member` WHERE ( id=2 ) LIMIT 1   [ RunTime:0.0000s ]
SQL: SELECT * FROM `cmf_member` WHERE ( id=3 ) LIMIT 1   [ RunTime:0.0010s ]
SQL: SELECT * FROM `cmf_member` WHERE ( id=4 ) LIMIT 1   [ RunTime:0.0000s ]
SQL: SHOW COLUMNS FROM `cmf_log` [ RunTime:0.0040s ]
SQL: INSERT INTO `cmf_log` (`handle_user`,`desc`,`create_time`) VALUES ('admin','添加会员，会员ID：5，状态：成功！','1459173105') [ RunTime:0.0000s ]

[ 2016-03-28T21:52:32+08:00 ] 127.0.0.1 /index.php?g=Admin&m=Member&a=getAjaxMember&id=4
INFO: [ app_begin ] --START--
INFO: Run Behavior\ReadHtmlCacheBehavior [ RunTime:0.001000s ]
INFO: Run Behavior\CheckLangBehavior [ RunTime:0.001000s ]
INFO: [ app_begin ] --END-- [ RunTime:0.003000s ]
SQL: SHOW COLUMNS FROM `cmf_users` [ RunTime:0.0050s ]
SQL: SELECT * FROM `cmf_users` WHERE ( id=1 ) LIMIT 1   [ RunTime:0.0000s ]
SQL: SHOW COLUMNS FROM `cmf_member` [ RunTime:0.0050s ]
SQL: SELECT * FROM `cmf_member` WHERE ( id=4 ) LIMIT 1   [ RunTime:0.0000s ]

[ 2016-03-28T21:52:33+08:00 ] 127.0.0.1 /index.php?g=Admin&m=Member&a=add_post
INFO: [ app_begin ] --START--
INFO: Run Behavior\ReadHtmlCacheBehavior [ RunTime:0.000000s ]
INFO: Run Behavior\CheckLangBehavior [ RunTime:0.002001s ]
INFO: [ app_begin ] --END-- [ RunTime:0.003001s ]
SQL: SHOW COLUMNS FROM `cmf_users` [ RunTime:0.0050s ]
SQL: SELECT * FROM `cmf_users` WHERE ( id=1 ) LIMIT 1   [ RunTime:0.0000s ]
SQL: SHOW COLUMNS FROM `cmf_member` [ RunTime:0.0060s ]
NOTIC: [8] Undefined index: validate D:\web\thinkcmf-member\simplewind\Core\Library\Think\Model.class.php 第 1185 行.
SQL: SELECT * FROM `cmf_member` WHERE `mobile` = '233223' LIMIT 1   [ RunTime:0.0010s ]
NOTIC: [8] Undefined index: auto D:\web\thinkcmf-member\simplewind\Core\Library\Think\Model.class.php 第 1128 行.
SQL: INSERT INTO `cmf_member` (`member_name`,`sex`,`age`,`mobile`,`occupation`,`area`,`weixin`,`qq`,`email`,`rank`,`pid`,`remark`,`create_time`,`update_time`,`old_rank`,`handle_user`) VALUES ('asdasasas','1','0','233223','',',,','','','','1','4','','1459173153','1459173153','1','admin') [ RunTime:0.0000s ]
SQL: UPDATE `cmf_member` SET `member_id`='80000006' WHERE ( id=6 ) [ RunTime:0.0000s ]
SQL: SELECT * FROM `cmf_member` WHERE ( id=6 ) LIMIT 1   [ RunTime:0.0010s ]
SQL: SELECT * FROM `cmf_member` WHERE ( id=4 ) LIMIT 1   [ RunTime:0.0000s ]
SQL: UPDATE `cmf_member` SET `relation`='0,1,2,3,4,6' WHERE ( id=6 ) [ RunTime:0.0000s ]
SQL: SELECT COUNT(*) AS tp_count FROM `cmf_member` WHERE `pid` = '1' LIMIT 1   [ RunTime:0.0000s ]
SQL: SELECT COUNT(*) AS tp_count FROM `cmf_member` WHERE `pid` = '1' LIMIT 1   [ RunTime:0.0000s ]
SQL: SELECT COUNT(*) AS tp_count FROM `cmf_member` WHERE `relation` LIKE '%1,%' LIMIT 1   [ RunTime:0.0000s ]
SQL: SELECT COUNT(*) AS tp_count FROM `cmf_member` WHERE `pid` = '2' LIMIT 1   [ RunTime:0.0000s ]
SQL: SELECT COUNT(*) AS tp_count FROM `cmf_member` WHERE `pid` = '2' LIMIT 1   [ RunTime:0.0000s ]
SQL: SELECT COUNT(*) AS tp_count FROM `cmf_member` WHERE `relation` LIKE '%2,%' LIMIT 1   [ RunTime:0.0010s ]
SQL: SELECT COUNT(*) AS tp_count FROM `cmf_member` WHERE `pid` = '3' LIMIT 1   [ RunTime:0.0010s ]
SQL: SELECT COUNT(*) AS tp_count FROM `cmf_member` WHERE `pid` = '3' LIMIT 1   [ RunTime:0.0010s ]
SQL: SELECT COUNT(*) AS tp_count FROM `cmf_member` WHERE `relation` LIKE '%3,%' LIMIT 1   [ RunTime:0.0010s ]
SQL: SELECT COUNT(*) AS tp_count FROM `cmf_member` WHERE `pid` = '4' LIMIT 1   [ RunTime:0.0010s ]
SQL: SELECT COUNT(*) AS tp_count FROM `cmf_member` WHERE `pid` = '4' LIMIT 1   [ RunTime:0.0010s ]
SQL: SELECT COUNT(*) AS tp_count FROM `cmf_member` WHERE `relation` LIKE '%4,%' LIMIT 1   [ RunTime:0.0000s ]
SQL: SELECT * FROM `cmf_member` WHERE ( id=1 ) LIMIT 1   [ RunTime:0.0000s ]
SQL: SELECT * FROM `cmf_member` WHERE ( id=2 ) LIMIT 1   [ RunTime:0.0000s ]
SQL: SELECT * FROM `cmf_member` WHERE ( id=3 ) LIMIT 1   [ RunTime:0.0000s ]
SQL: SELECT * FROM `cmf_member` WHERE ( id=4 ) LIMIT 1   [ RunTime:0.0010s ]
SQL: SHOW COLUMNS FROM `cmf_log` [ RunTime:0.0040s ]
SQL: INSERT INTO `cmf_log` (`handle_user`,`desc`,`create_time`) VALUES ('admin','添加会员，会员ID：6，状态：成功！','1459173153') [ RunTime:0.0010s ]

[ 2016-03-28T21:56:57+08:00 ] 127.0.0.1 /index.php?g=Admin&m=Member&a=getAjaxMember&id=1
INFO: [ app_begin ] --START--
INFO: Run Behavior\ReadHtmlCacheBehavior [ RunTime:0.001000s ]
INFO: Run Behavior\CheckLangBehavior [ RunTime:0.006000s ]
INFO: [ app_begin ] --END-- [ RunTime:0.008000s ]
SQL: SHOW COLUMNS FROM `cmf_users` [ RunTime:0.0050s ]
SQL: SELECT * FROM `cmf_users` WHERE ( id=1 ) LIMIT 1   [ RunTime:0.0000s ]
SQL: SHOW COLUMNS FROM `cmf_member` [ RunTime:0.0070s ]
SQL: SELECT * FROM `cmf_member` WHERE ( id=1 ) LIMIT 1   [ RunTime:0.0010s ]

[ 2016-03-28T21:56:58+08:00 ] 127.0.0.1 /index.php?g=Admin&m=Member&a=add_post
INFO: [ app_begin ] --START--
INFO: Run Behavior\ReadHtmlCacheBehavior [ RunTime:0.000000s ]
INFO: Run Behavior\CheckLangBehavior [ RunTime:0.002000s ]
INFO: [ app_begin ] --END-- [ RunTime:0.003000s ]
SQL: SHOW COLUMNS FROM `cmf_users` [ RunTime:0.0060s ]
SQL: SELECT * FROM `cmf_users` WHERE ( id=1 ) LIMIT 1   [ RunTime:0.0010s ]
SQL: SHOW COLUMNS FROM `cmf_member` [ RunTime:0.0050s ]
NOTIC: [8] Undefined index: validate D:\web\thinkcmf-member\simplewind\Core\Library\Think\Model.class.php 第 1185 行.
SQL: SELECT * FROM `cmf_member` WHERE `mobile` = '324324' LIMIT 1   [ RunTime:0.0010s ]
NOTIC: [8] Undefined index: auto D:\web\thinkcmf-member\simplewind\Core\Library\Think\Model.class.php 第 1128 行.
SQL: INSERT INTO `cmf_member` (`member_name`,`sex`,`age`,`mobile`,`occupation`,`area`,`weixin`,`qq`,`email`,`rank`,`pid`,`remark`,`create_time`,`update_time`,`old_rank`,`handle_user`) VALUES ('asdfsafdasda','1','0','324324','',',,','','','','1','1','','1459173418','1459173418','1','admin') [ RunTime:0.0000s ]
SQL: UPDATE `cmf_member` SET `member_id`='80000007' WHERE ( id=7 ) [ RunTime:0.0000s ]
SQL: SELECT * FROM `cmf_member` WHERE ( id=7 ) LIMIT 1   [ RunTime:0.0010s ]
SQL: SELECT * FROM `cmf_member` WHERE ( id=1 ) LIMIT 1   [ RunTime:0.0000s ]
SQL: UPDATE `cmf_member` SET `relation`='0,1,7' WHERE ( id=7 ) [ RunTime:0.0000s ]
SQL: SELECT COUNT(*) AS tp_count FROM `cmf_member` WHERE `pid` = '1' LIMIT 1   [ RunTime:0.0000s ]
SQL: SELECT COUNT(*) AS tp_count FROM `cmf_member` WHERE `pid` = '1' LIMIT 1   [ RunTime:0.0000s ]
SQL: SELECT COUNT(*) AS tp_count FROM `cmf_member` WHERE `relation` LIKE '%1,%' LIMIT 1   [ RunTime:0.0000s ]
SQL: SELECT * FROM `cmf_member` WHERE ( id=1 ) LIMIT 1   [ RunTime:0.0000s ]
SQL: SHOW COLUMNS FROM `cmf_log` [ RunTime:0.0040s ]
SQL: INSERT INTO `cmf_log` (`handle_user`,`desc`,`create_time`) VALUES ('admin','添加会员，会员ID：7，状态：成功！','1459173418') [ RunTime:0.0000s ]

